<?xml version="1.0" encoding="UTF-8"?>
<coverage generated="1777553659328" clover="3.2.0">
  <project timestamp="1777553659328" name="All files">
    <metrics statements="175" coveredstatements="160" conditionals="110" coveredconditionals="86" methods="55" coveredmethods="45" elements="340" coveredelements="291" complexity="0" loc="175" ncloc="175" packages="5" files="10" classes="10"/>
    <package name="src">
      <metrics statements="7" coveredstatements="7" conditionals="0" coveredconditionals="0" methods="6" coveredmethods="3"/>
      <file name="App.tsx" path="E:\ANTIGRVITY\ELE\src\App.tsx">
        <metrics statements="7" coveredstatements="7" conditionals="0" coveredconditionals="0" methods="6" coveredmethods="3"/>
        <line num="6" count="1" type="stmt"/>
        <line num="7" count="1" type="stmt"/>
        <line num="8" count="1" type="stmt"/>
        <line num="9" count="1" type="stmt"/>
        <line num="11" count="1" type="stmt"/>
        <line num="12" count="2" type="stmt"/>
        <line num="24" count="2" type="stmt"/>
      </file>
    </package>
    <package name="src.components">
      <metrics statements="13" coveredstatements="13" conditionals="6" coveredconditionals="5" methods="6" coveredmethods="6"/>
      <file name="ErrorBoundary.tsx" path="E:\ANTIGRVITY\ELE\src\components\ErrorBoundary.tsx">
        <metrics statements="7" coveredstatements="7" conditionals="2" coveredconditionals="2" methods="4" coveredmethods="4"/>
        <line num="12" count="7" type="stmt"/>
        <line num="18" count="4" type="stmt"/>
        <line num="22" count="2" type="stmt"/>
        <line num="26" count="11" type="cond" truecount="2" falsecount="0"/>
        <line num="27" count="4" type="stmt"/>
        <line num="31" count="1" type="stmt"/>
        <line num="38" count="7" type="stmt"/>
      </file>
      <file name="Navbar.tsx" path="E:\ANTIGRVITY\ELE\src\components\Navbar.tsx">
        <metrics statements="6" coveredstatements="6" conditionals="4" coveredconditionals="3" methods="2" coveredmethods="2"/>
        <line num="5" count="1" type="stmt"/>
        <line num="6" count="2" type="stmt"/>
        <line num="7" count="2" type="stmt"/>
        <line num="9" count="2" type="stmt"/>
        <line num="10" count="8" type="cond" truecount="2" falsecount="0"/>
        <line num="13" count="2" type="stmt"/>
      </file>
    </package>
    <package name="src.context">
      <metrics statements="16" coveredstatements="16" conditionals="6" coveredconditionals="5" methods="5" coveredmethods="5"/>
      <file name="LanguageContext.tsx" path="E:\ANTIGRVITY\ELE\src\context\LanguageContext.tsx">
        <metrics statements="16" coveredstatements="16" conditionals="6" coveredconditionals="5" methods="5" coveredmethods="5"/>
        <line num="13" count="5" type="stmt"/>
        <line num="36" count="5" type="stmt"/>
        <line num="38" count="5" type="stmt"/>
        <line num="39" count="18" type="stmt"/>
        <line num="41" count="18" type="stmt"/>
        <line num="42" count="2" type="cond" truecount="1" falsecount="1"/>
        <line num="45" count="18" type="stmt"/>
        <line num="46" count="100" type="cond" truecount="2" falsecount="0"/>
        <line num="47" count="99" type="stmt"/>
        <line num="49" count="1" type="stmt"/>
        <line num="52" count="18" type="stmt"/>
        <line num="59" count="5" type="stmt"/>
        <line num="60" count="41" type="stmt"/>
        <line num="61" count="41" type="cond" truecount="2" falsecount="0"/>
        <line num="62" count="2" type="stmt"/>
        <line num="64" count="38" type="stmt"/>
      </file>
    </package>
    <package name="src.pages">
      <metrics statements="105" coveredstatements="91" conditionals="85" coveredconditionals="65" methods="33" coveredmethods="26"/>
      <file name="ChatAssistant.tsx" path="E:\ANTIGRVITY\ELE\src\pages\ChatAssistant.tsx">
        <metrics statements="93" coveredstatements="79" conditionals="75" coveredconditionals="55" methods="27" coveredmethods="20"/>
        <line num="9" count="1" type="stmt"/>
        <line num="10" count="28" type="stmt"/>
        <line num="11" count="28" type="stmt"/>
        <line num="12" count="28" type="cond" truecount="2" falsecount="2"/>
        <line num="13" count="0" type="stmt"/>
        <line num="15" count="28" type="stmt"/>
        <line num="17" count="28" type="stmt"/>
        <line num="33" count="1" type="stmt"/>
        <line num="34" count="22" type="stmt"/>
        <line num="35" count="22" type="stmt"/>
        <line num="44" count="22" type="stmt"/>
        <line num="45" count="22" type="stmt"/>
        <line num="46" count="22" type="stmt"/>
        <line num="47" count="22" type="stmt"/>
        <line num="49" count="22" type="stmt"/>
        <line num="51" count="22" type="stmt"/>
        <line num="53" count="22" type="stmt"/>
        <line num="55" count="6" type="stmt"/>
        <line num="56" count="6" type="cond" truecount="1" falsecount="1"/>
        <line num="57" count="6" type="stmt"/>
        <line num="65" count="0" type="stmt"/>
        <line num="68" count="22" type="stmt"/>
        <line num="69" count="16" type="stmt"/>
        <line num="72" count="22" type="stmt"/>
        <line num="73" count="16" type="stmt"/>
        <line num="77" count="22" type="stmt"/>
        <line num="78" count="6" type="cond" truecount="2" falsecount="2"/>
        <line num="80" count="6" type="cond" truecount="1" falsecount="1"/>
        <line num="81" count="6" type="stmt"/>
        <line num="82" count="6" type="stmt"/>
        <line num="83" count="6" type="stmt"/>
        <line num="86" count="6" type="stmt"/>
        <line num="87" count="0" type="stmt"/>
        <line num="88" count="0" type="stmt"/>
        <line num="89" count="0" type="stmt"/>
        <line num="93" count="6" type="stmt"/>
        <line num="94" count="0" type="stmt"/>
        <line num="95" count="0" type="stmt"/>
        <line num="98" count="6" type="stmt"/>
        <line num="99" count="0" type="stmt"/>
        <line num="104" count="22" type="stmt"/>
        <line num="105" count="3" type="cond" truecount="2" falsecount="0"/>
        <line num="106" count="1" type="stmt"/>
        <line num="107" count="1" type="stmt"/>
        <line num="109" count="2" type="cond" truecount="1" falsecount="1"/>
        <line num="110" count="2" type="cond" truecount="1" falsecount="1"/>
        <line num="111" count="2" type="stmt"/>
        <line num="112" count="2" type="stmt"/>
        <line num="114" count="0" type="stmt"/>
        <line num="119" count="22" type="stmt"/>
        <line num="120" count="2" type="cond" truecount="1" falsecount="1"/>
        <line num="122" count="2" type="cond" truecount="1" falsecount="1"/>
        <line num="123" count="0" type="stmt"/>
        <line num="124" count="0" type="stmt"/>
        <line num="125" count="0" type="stmt"/>
        <line num="128" count="2" type="stmt"/>
        <line num="129" count="2" type="stmt"/>
        <line num="130" count="2" type="cond" truecount="1" falsecount="1"/>
        <line num="132" count="2" type="stmt"/>
        <line num="133" count="2" type="stmt"/>
        <line num="135" count="2" type="stmt"/>
        <line num="136" count="2" type="stmt"/>
        <line num="140" count="22" type="stmt"/>
        <line num="141" count="9" type="stmt"/>
        <line num="142" count="9" type="cond" truecount="1" falsecount="1"/>
        <line num="143" count="9" type="stmt"/>
        <line num="145" count="9" type="cond" truecount="4" falsecount="0"/>
        <line num="146" count="2" type="stmt"/>
        <line num="151" count="22" type="stmt"/>
        <line num="152" count="2" type="cond" truecount="1" falsecount="1"/>
        <line num="153" count="2" type="cond" truecount="3" falsecount="1"/>
        <line num="155" count="2" type="stmt"/>
        <line num="156" count="2" type="cond" truecount="1" falsecount="1"/>
        <line num="158" count="2" type="stmt"/>
        <line num="159" count="2" type="stmt"/>
        <line num="160" count="2" type="stmt"/>
        <line num="161" count="2" type="stmt"/>
        <line num="162" count="2" type="stmt"/>
        <line num="164" count="2" type="stmt"/>
        <line num="165" count="2" type="cond" truecount="1" falsecount="1"/>
        <line num="166" count="0" type="stmt"/>
        <line num="172" count="2" type="cond" truecount="1" falsecount="1"/>
        <line num="174" count="2" type="stmt"/>
        <line num="175" count="2" type="stmt"/>
        <line num="177" count="2" type="stmt"/>
        <line num="183" count="2" type="stmt"/>
        <line num="186" count="2" type="cond" truecount="2" falsecount="0"/>
        <line num="187" count="1" type="stmt"/>
        <line num="191" count="22" type="stmt"/>
        <line num="203" count="0" type="stmt"/>
        <line num="215" count="28" type="stmt"/>
        <line num="228" count="1" type="stmt"/>
        <line num="260" count="2" type="stmt"/>
      </file>
      <file name="Home.tsx" path="E:\ANTIGRVITY\ELE\src\pages\Home.tsx">
        <metrics statements="3" coveredstatements="3" conditionals="0" coveredconditionals="0" methods="2" coveredmethods="2"/>
        <line num="5" count="1" type="stmt"/>
        <line num="6" count="1" type="stmt"/>
        <line num="81" count="3" type="stmt"/>
      </file>
      <file name="ProcessTimeline.tsx" path="E:\ANTIGRVITY\ELE\src\pages\ProcessTimeline.tsx">
        <metrics statements="4" coveredstatements="4" conditionals="4" coveredconditionals="4" methods="2" coveredmethods="2"/>
        <line num="5" count="1" type="stmt"/>
        <line num="50" count="1" type="stmt"/>
        <line num="51" count="2" type="stmt"/>
        <line num="71" count="12" type="stmt"/>
      </file>
      <file name="VotingChecklist.tsx" path="E:\ANTIGRVITY\ELE\src\pages\VotingChecklist.tsx">
        <metrics statements="5" coveredstatements="5" conditionals="6" coveredconditionals="6" methods="2" coveredmethods="2"/>
        <line num="6" count="1" type="stmt"/>
        <line num="7" count="5" type="stmt"/>
        <line num="9" count="5" type="stmt"/>
        <line num="36" count="5" type="stmt"/>
        <line num="58" count="20" type="stmt"/>
      </file>
    </package>
    <package name="src.services">
      <metrics statements="34" coveredstatements="33" conditionals="13" coveredconditionals="11" methods="5" coveredmethods="5"/>
      <file name="firebase.ts" path="E:\ANTIGRVITY\ELE\src\services\firebase.ts">
        <metrics statements="9" coveredstatements="8" conditionals="4" coveredconditionals="2" methods="1" coveredmethods="1"/>
        <line num="7" count="1" type="stmt"/>
        <line num="18" count="1" type="stmt"/>
        <line num="19" count="1" type="cond" truecount="1" falsecount="1"/>
        <line num="20" count="1" type="stmt"/>
        <line num="22" count="1" type="stmt"/>
        <line num="23" count="2" type="cond" truecount="1" falsecount="1"/>
        <line num="24" count="2" type="stmt"/>
        <line num="25" count="2" type="stmt"/>
        <line num="27" count="0" type="stmt"/>
      </file>
      <file name="gemini.ts" path="E:\ANTIGRVITY\ELE\src\services\gemini.ts">
        <metrics statements="25" coveredstatements="25" conditionals="9" coveredconditionals="9" methods="4" coveredmethods="4"/>
        <line num="3" count="3" type="cond" truecount="2" falsecount="0"/>
        <line num="5" count="3" type="cond" truecount="2" falsecount="0"/>
        <line num="7" count="3" type="stmt"/>
        <line num="18" count="3" type="stmt"/>
        <line num="28" count="3" type="stmt"/>
        <line num="29" count="3" type="stmt"/>
        <line num="30" count="3" type="stmt"/>
        <line num="31" count="3" type="stmt"/>
        <line num="32" count="3" type="stmt"/>
        <line num="33" count="9" type="cond" truecount="2" falsecount="0"/>
        <line num="34" count="2" type="stmt"/>
        <line num="35" count="2" type="stmt"/>
        <line num="38" count="3" type="stmt"/>
        <line num="43" count="3" type="cond" truecount="1" falsecount="0"/>
        <line num="44" count="5" type="cond" truecount="2" falsecount="0"/>
        <line num="45" count="3" type="stmt"/>
        <line num="46" count="3" type="stmt"/>
        <line num="49" count="2" type="stmt"/>
        <line num="50" count="2" type="stmt"/>
        <line num="55" count="2" type="stmt"/>
        <line num="63" count="2" type="stmt"/>
        <line num="64" count="1" type="stmt"/>
        <line num="65" count="1" type="stmt"/>
        <line num="67" count="1" type="stmt"/>
        <line num="68" count="1" type="stmt"/>
      </file>
    </package>
  </project>
</coverage>
