{"E:\\ANTIGRVITY\\ELE\\src\\App.tsx": {"path":"E:\\ANTIGRVITY\\ELE\\src\\App.tsx","statementMap":{"0":{"start":{"line":9,"column":2},"end":{"line":20,"column":null}}},"fnMap":{"0":{"name":"App","decl":{"start":{"line":8,"column":9},"end":{"line":8,"column":15}},"loc":{"start":{"line":8,"column":15},"end":{"line":20,"column":null}},"line":8}},"branchMap":{},"s":{"0":2},"f":{"0":2},"b":{},"meta":{"lastBranch":0,"lastFunction":1,"lastStatement":1,"seen":{"f:8:9:8:15":0,"s:9:2:20:Infinity":0}}}
,"E:\\ANTIGRVITY\\ELE\\src\\components\\Navbar.tsx": {"path":"E:\\ANTIGRVITY\\ELE\\src\\components\\Navbar.tsx","statementMap":{"0":{"start":{"line":5,"column":6},"end":{"line":74,"column":null}},"1":{"start":{"line":6,"column":8},"end":{"line":6,"column":32}},"2":{"start":{"line":7,"column":23},"end":{"line":7,"column":55}},"3":{"start":{"line":9,"column":8},"end":{"line":10,"column":null}},"4":{"start":{"line":10,"column":4},"end":{"line":10,"column":null}},"5":{"start":{"line":13,"column":2},"end":{"line":74,"column":null}}},"fnMap":{"0":{"name":"(anonymous_0)","decl":{"start":{"line":5,"column":6},"end":{"line":5,"column":21}},"loc":{"start":{"line":5,"column":21},"end":{"line":74,"column":null}},"line":5},"1":{"name":"(anonymous_1)","decl":{"start":{"line":9,"column":8},"end":{"line":9,"column":20}},"loc":{"start":{"line":9,"column":37},"end":{"line":10,"column":null}},"line":9}},"branchMap":{"0":{"loc":{"start":{"line":10,"column":11},"end":{"line":10,"column":null}},"type":"cond-expr","locations":[{"start":{"line":10,"column":40},"end":{"line":10,"column":51}},{"start":{"line":10,"column":51},"end":{"line":10,"column":null}}],"line":10},"1":{"loc":{"start":{"line":34,"column":37},"end":{"line":34,"column":null}},"type":"cond-expr","locations":[{"start":{"line":34,"column":57},"end":{"line":34,"column":67}},{"start":{"line":34,"column":67},"end":{"line":34,"column":null}}],"line":34}},"s":{"0":1,"1":2,"2":2,"3":2,"4":8,"5":2},"f":{"0":2,"1":8},"b":{"0":[2,6],"1":[2,0]},"meta":{"lastBranch":2,"lastFunction":2,"lastStatement":6,"seen":{"s:5:6:74:Infinity":0,"f:5:6:5:21":0,"s:6:8:6:32":1,"s:7:23:7:55":2,"s:9:8:10:Infinity":3,"f:9:8:9:20":1,"s:10:4:10:Infinity":4,"b:10:40:10:51:10:51:10:Infinity":0,"s:13:2:74:Infinity":5,"b:34:57:34:67:34:67:34:Infinity":1}}}
,"E:\\ANTIGRVITY\\ELE\\src\\context\\LanguageContext.tsx": {"path":"E:\\ANTIGRVITY\\ELE\\src\\context\\LanguageContext.tsx","statementMap":{"0":{"start":{"line":13,"column":42},"end":{"line":28,"column":null}},"1":{"start":{"line":36,"column":6},"end":{"line":36,"column":81}},"2":{"start":{"line":38,"column":13},"end":{"line":55,"column":null}},"3":{"start":{"line":39,"column":19},"end":{"line":39,"column":58}},"4":{"start":{"line":41,"column":8},"end":{"line":42,"column":null}},"5":{"start":{"line":42,"column":4},"end":{"line":42,"column":null}},"6":{"start":{"line":42,"column":24},"end":{"line":42,"column":52}},"7":{"start":{"line":45,"column":8},"end":{"line":49,"column":null}},"8":{"start":{"line":46,"column":4},"end":{"line":47,"column":null}},"9":{"start":{"line":47,"column":6},"end":{"line":47,"column":null}},"10":{"start":{"line":49,"column":4},"end":{"line":49,"column":null}},"11":{"start":{"line":52,"column":2},"end":{"line":55,"column":null}},"12":{"start":{"line":59,"column":13},"end":{"line":64,"column":null}},"13":{"start":{"line":60,"column":8},"end":{"line":60,"column":45}},"14":{"start":{"line":61,"column":2},"end":{"line":62,"column":null}},"15":{"start":{"line":62,"column":4},"end":{"line":62,"column":null}},"16":{"start":{"line":64,"column":2},"end":{"line":64,"column":null}}},"fnMap":{"0":{"name":"(anonymous_0)","decl":{"start":{"line":38,"column":13},"end":{"line":38,"column":33}},"loc":{"start":{"line":38,"column":75},"end":{"line":55,"column":null}},"line":38},"1":{"name":"(anonymous_1)","decl":{"start":{"line":41,"column":8},"end":{"line":41,"column":31}},"loc":{"start":{"line":41,"column":31},"end":{"line":42,"column":null}},"line":41},"2":{"name":"(anonymous_2)","decl":{"start":{"line":42,"column":4},"end":{"line":42,"column":16}},"loc":{"start":{"line":42,"column":24},"end":{"line":42,"column":52}},"line":42},"3":{"name":"(anonymous_3)","decl":{"start":{"line":45,"column":8},"end":{"line":45,"column":13}},"loc":{"start":{"line":45,"column":29},"end":{"line":49,"column":null}},"line":45},"4":{"name":"(anonymous_4)","decl":{"start":{"line":59,"column":13},"end":{"line":59,"column":33}},"loc":{"start":{"line":59,"column":33},"end":{"line":64,"column":null}},"line":59}},"branchMap":{"0":{"loc":{"start":{"line":42,"column":24},"end":{"line":42,"column":52}},"type":"cond-expr","locations":[{"start":{"line":42,"column":40},"end":{"line":42,"column":47}},{"start":{"line":42,"column":47},"end":{"line":42,"column":52}}],"line":42},"1":{"loc":{"start":{"line":46,"column":4},"end":{"line":47,"column":null}},"type":"if","locations":[{"start":{"line":46,"column":4},"end":{"line":47,"column":null}},{"start":{},"end":{}}],"line":46},"2":{"loc":{"start":{"line":61,"column":2},"end":{"line":62,"column":null}},"type":"if","locations":[{"start":{"line":61,"column":2},"end":{"line":62,"column":null}},{"start":{},"end":{}}],"line":61}},"s":{"0":4,"1":4,"2":4,"3":10,"4":10,"5":1,"6":1,"7":10,"8":40,"9":39,"10":1,"11":10,"12":4,"13":15,"14":15,"15":0,"16":15},"f":{"0":10,"1":1,"2":1,"3":40,"4":15},"b":{"0":[1,0],"1":[39,1],"2":[0,15]},"meta":{"lastBranch":3,"lastFunction":5,"lastStatement":17,"seen":{"s:13:42:28:Infinity":0,"s:36:6:36:81":1,"s:38:13:55:Infinity":2,"f:38:13:38:33":0,"s:39:19:39:58":3,"s:41:8:42:Infinity":4,"f:41:8:41:31":1,"s:42:4:42:Infinity":5,"f:42:4:42:16":2,"s:42:24:42:52":6,"b:42:40:42:47:42:47:42:52":0,"s:45:8:49:Infinity":7,"f:45:8:45:13":3,"b:46:4:47:Infinity:undefined:undefined:undefined:undefined":1,"s:46:4:47:Infinity":8,"s:47:6:47:Infinity":9,"s:49:4:49:Infinity":10,"s:52:2:55:Infinity":11,"s:59:13:64:Infinity":12,"f:59:13:59:33":4,"s:60:8:60:45":13,"b:61:2:62:Infinity:undefined:undefined:undefined:undefined":2,"s:61:2:62:Infinity":14,"s:62:4:62:Infinity":15,"s:64:2:64:Infinity":16}}}
,"E:\\ANTIGRVITY\\ELE\\src\\pages\\ChatAssistant.tsx": {"path":"E:\\ANTIGRVITY\\ELE\\src\\pages\\ChatAssistant.tsx","statementMap":{"0":{"start":{"line":7,"column":6},"end":{"line":21,"column":null}},"1":{"start":{"line":8,"column":16},"end":{"line":8,"column":44}},"2":{"start":{"line":9,"column":2},"end":{"line":21,"column":null}},"3":{"start":{"line":10,"column":4},"end":{"line":11,"column":null}},"4":{"start":{"line":11,"column":6},"end":{"line":11,"column":null}},"5":{"start":{"line":13,"column":4},"end":{"line":20,"column":null}},"6":{"start":{"line":15,"column":8},"end":{"line":18,"column":null}},"7":{"start":{"line":31,"column":6},"end":{"line":449,"column":null}},"8":{"start":{"line":32,"column":13},"end":{"line":32,"column":39}},"9":{"start":{"line":33,"column":19},"end":{"line":41,"column":4}},"10":{"start":{"line":42,"column":16},"end":{"line":42,"column":40}},"11":{"start":{"line":43,"column":20},"end":{"line":43,"column":51}},"12":{"start":{"line":44,"column":22},"end":{"line":44,"column":55}},"13":{"start":{"line":45,"column":21},"end":{"line":45,"column":53}},"14":{"start":{"line":47,"column":8},"end":{"line":47,"column":53}},"15":{"start":{"line":49,"column":8},"end":{"line":49,"column":42}},"16":{"start":{"line":51,"column":2},"end":{"line":65,"column":null}},"17":{"start":{"line":53,"column":4},"end":{"line":64,"column":null}},"18":{"start":{"line":54,"column":6},"end":{"line":61,"column":null}},"19":{"start":{"line":55,"column":8},"end":{"line":61,"column":null}},"20":{"start":{"line":63,"column":6},"end":{"line":63,"column":null}},"21":{"start":{"line":66,"column":8},"end":{"line":67,"column":null}},"22":{"start":{"line":67,"column":4},"end":{"line":67,"column":null}},"23":{"start":{"line":70,"column":2},"end":{"line":72,"column":null}},"24":{"start":{"line":71,"column":4},"end":{"line":71,"column":null}},"25":{"start":{"line":75,"column":2},"end":{"line":100,"column":null}},"26":{"start":{"line":76,"column":4},"end":{"line":97,"column":null}},"27":{"start":{"line":78,"column":33},"end":{"line":78,"column":null}},"28":{"start":{"line":79,"column":6},"end":{"line":79,"column":null}},"29":{"start":{"line":80,"column":6},"end":{"line":80,"column":null}},"30":{"start":{"line":81,"column":6},"end":{"line":81,"column":null}},"31":{"start":{"line":84,"column":6},"end":{"line":87,"column":null}},"32":{"start":{"line":85,"column":27},"end":{"line":85,"column":null}},"33":{"start":{"line":86,"column":8},"end":{"line":86,"column":null}},"34":{"start":{"line":87,"column":8},"end":{"line":87,"column":null}},"35":{"start":{"line":91,"column":6},"end":{"line":93,"column":null}},"36":{"start":{"line":92,"column":8},"end":{"line":92,"column":null}},"37":{"start":{"line":93,"column":8},"end":{"line":93,"column":null}},"38":{"start":{"line":96,"column":6},"end":{"line":97,"column":null}},"39":{"start":{"line":97,"column":8},"end":{"line":97,"column":null}},"40":{"start":{"line":102,"column":8},"end":{"line":112,"column":null}},"41":{"start":{"line":103,"column":4},"end":{"line":112,"column":null}},"42":{"start":{"line":104,"column":6},"end":{"line":104,"column":null}},"43":{"start":{"line":105,"column":6},"end":{"line":105,"column":null}},"44":{"start":{"line":107,"column":6},"end":{"line":112,"column":null}},"45":{"start":{"line":108,"column":8},"end":{"line":108,"column":null}},"46":{"start":{"line":109,"column":8},"end":{"line":109,"column":null}},"47":{"start":{"line":110,"column":8},"end":{"line":110,"column":null}},"48":{"start":{"line":112,"column":8},"end":{"line":112,"column":null}},"49":{"start":{"line":117,"column":8},"end":{"line":134,"column":null}},"50":{"start":{"line":118,"column":4},"end":{"line":118,"column":null}},"51":{"start":{"line":118,"column":40},"end":{"line":118,"column":null}},"52":{"start":{"line":120,"column":4},"end":{"line":123,"column":null}},"53":{"start":{"line":121,"column":6},"end":{"line":121,"column":null}},"54":{"start":{"line":122,"column":6},"end":{"line":122,"column":null}},"55":{"start":{"line":123,"column":6},"end":{"line":123,"column":null}},"56":{"start":{"line":126,"column":22},"end":{"line":126,"column":67}},"57":{"start":{"line":127,"column":22},"end":{"line":127,"column":61}},"58":{"start":{"line":128,"column":4},"end":{"line":128,"column":null}},"59":{"start":{"line":130,"column":4},"end":{"line":130,"column":null}},"60":{"start":{"line":130,"column":28},"end":{"line":130,"column":48}},"61":{"start":{"line":131,"column":4},"end":{"line":131,"column":null}},"62":{"start":{"line":131,"column":30},"end":{"line":131,"column":50}},"63":{"start":{"line":133,"column":4},"end":{"line":133,"column":null}},"64":{"start":{"line":134,"column":4},"end":{"line":134,"column":null}},"65":{"start":{"line":138,"column":2},"end":{"line":147,"column":null}},"66":{"start":{"line":139,"column":4},"end":{"line":144,"column":null}},"67":{"start":{"line":140,"column":6},"end":{"line":141,"column":null}},"68":{"start":{"line":141,"column":8},"end":{"line":141,"column":null}},"69":{"start":{"line":143,"column":6},"end":{"line":144,"column":null}},"70":{"start":{"line":144,"column":9},"end":{"line":144,"column":null}},"71":{"start":{"line":149,"column":21},"end":{"line":182,"column":null}},"72":{"start":{"line":150,"column":4},"end":{"line":150,"column":null}},"73":{"start":{"line":150,"column":11},"end":{"line":150,"column":null}},"74":{"start":{"line":151,"column":4},"end":{"line":151,"column":null}},"75":{"start":{"line":151,"column":36},"end":{"line":151,"column":null}},"76":{"start":{"line":153,"column":21},"end":{"line":153,"column":33}},"77":{"start":{"line":154,"column":32},"end":{"line":154,"column":null}},"78":{"start":{"line":155,"column":4},"end":{"line":155,"column":null}},"79":{"start":{"line":155,"column":24},"end":{"line":155,"column":45}},"80":{"start":{"line":156,"column":4},"end":{"line":156,"column":null}},"81":{"start":{"line":157,"column":4},"end":{"line":157,"column":null}},"82":{"start":{"line":159,"column":20},"end":{"line":164,"column":9}},"83":{"start":{"line":160,"column":19},"end":{"line":160,"column":52}},"84":{"start":{"line":161,"column":17},"end":{"line":164,"column":9}},"85":{"start":{"line":167,"column":26},"end":{"line":167,"column":null}},"86":{"start":{"line":169,"column":25},"end":{"line":169,"column":85}},"87":{"start":{"line":170,"column":20},"end":{"line":170,"column":53}},"88":{"start":{"line":172,"column":4},"end":{"line":177,"column":null}},"89":{"start":{"line":172,"column":24},"end":{"line":177,"column":6}},"90":{"start":{"line":178,"column":4},"end":{"line":178,"column":null}},"91":{"start":{"line":181,"column":4},"end":{"line":182,"column":null}},"92":{"start":{"line":182,"column":7},"end":{"line":182,"column":null}},"93":{"start":{"line":186,"column":2},"end":{"line":449,"column":null}},"94":{"start":{"line":198,"column":31},"end":{"line":198,"column":65}},"95":{"start":{"line":210,"column":12},"end":{"line":228,"column":null}},"96":{"start":{"line":223,"column":68},"end":{"line":223,"column":87}},"97":{"start":{"line":255,"column":29},"end":{"line":255,"column":53}}},"fnMap":{"0":{"name":"(anonymous_0)","decl":{"start":{"line":7,"column":6},"end":{"line":7,"column":29}},"loc":{"start":{"line":7,"column":46},"end":{"line":21,"column":null}},"line":7},"1":{"name":"(anonymous_1)","decl":{"start":{"line":9,"column":15},"end":{"line":9,"column":20}},"loc":{"start":{"line":9,"column":36},"end":{"line":21,"column":null}},"line":9},"2":{"name":"(anonymous_2)","decl":{"start":{"line":14,"column":23},"end":{"line":14,"column":28}},"loc":{"start":{"line":15,"column":8},"end":{"line":18,"column":null}},"line":15},"3":{"name":"(anonymous_3)","decl":{"start":{"line":31,"column":6},"end":{"line":31,"column":28}},"loc":{"start":{"line":31,"column":28},"end":{"line":449,"column":null}},"line":31},"4":{"name":"(anonymous_4)","decl":{"start":{"line":51,"column":2},"end":{"line":51,"column":18}},"loc":{"start":{"line":51,"column":18},"end":{"line":65,"column":6}},"line":51},"5":{"name":"(anonymous_5)","decl":{"start":{"line":53,"column":4},"end":{"line":53,"column":16}},"loc":{"start":{"line":53,"column":24},"end":{"line":64,"column":null}},"line":53},"6":{"name":"(anonymous_6)","decl":{"start":{"line":66,"column":8},"end":{"line":66,"column":31}},"loc":{"start":{"line":66,"column":31},"end":{"line":67,"column":null}},"line":66},"7":{"name":"(anonymous_7)","decl":{"start":{"line":70,"column":2},"end":{"line":70,"column":18}},"loc":{"start":{"line":70,"column":18},"end":{"line":72,"column":6}},"line":70},"8":{"name":"(anonymous_8)","decl":{"start":{"line":75,"column":2},"end":{"line":75,"column":18}},"loc":{"start":{"line":75,"column":18},"end":{"line":100,"column":7}},"line":75},"9":{"name":"(anonymous_9)","decl":{"start":{"line":84,"column":29},"end":{"line":84,"column":41}},"loc":{"start":{"line":84,"column":56},"end":{"line":87,"column":null}},"line":84},"10":{"name":"(anonymous_10)","decl":{"start":{"line":91,"column":29},"end":{"line":91,"column":40}},"loc":{"start":{"line":91,"column":55},"end":{"line":93,"column":null}},"line":91},"11":{"name":"(anonymous_11)","decl":{"start":{"line":96,"column":29},"end":{"line":96,"column":43}},"loc":{"start":{"line":96,"column":43},"end":{"line":97,"column":null}},"line":96},"12":{"name":"(anonymous_12)","decl":{"start":{"line":102,"column":8},"end":{"line":102,"column":32}},"loc":{"start":{"line":102,"column":32},"end":{"line":112,"column":null}},"line":102},"13":{"name":"(anonymous_13)","decl":{"start":{"line":117,"column":8},"end":{"line":117,"column":21}},"loc":{"start":{"line":117,"column":38},"end":{"line":134,"column":null}},"line":117},"14":{"name":"(anonymous_14)","decl":{"start":{"line":130,"column":14},"end":{"line":130,"column":28}},"loc":{"start":{"line":130,"column":28},"end":{"line":130,"column":48}},"line":130},"15":{"name":"(anonymous_15)","decl":{"start":{"line":131,"column":14},"end":{"line":131,"column":30}},"loc":{"start":{"line":131,"column":30},"end":{"line":131,"column":50}},"line":131},"16":{"name":"(anonymous_16)","decl":{"start":{"line":138,"column":2},"end":{"line":138,"column":18}},"loc":{"start":{"line":138,"column":18},"end":{"line":147,"column":6}},"line":138},"17":{"name":"(anonymous_17)","decl":{"start":{"line":139,"column":4},"end":{"line":139,"column":17}},"loc":{"start":{"line":139,"column":17},"end":{"line":144,"column":null}},"line":139},"18":{"name":"(anonymous_18)","decl":{"start":{"line":149,"column":21},"end":{"line":149,"column":28}},"loc":{"start":{"line":149,"column":52},"end":{"line":182,"column":null}},"line":149},"19":{"name":"(anonymous_19)","decl":{"start":{"line":155,"column":4},"end":{"line":155,"column":16}},"loc":{"start":{"line":155,"column":24},"end":{"line":155,"column":45}},"line":155},"20":{"name":"(anonymous_20)","decl":{"start":{"line":160,"column":7},"end":{"line":160,"column":14}},"loc":{"start":{"line":160,"column":19},"end":{"line":160,"column":52}},"line":160},"21":{"name":"(anonymous_21)","decl":{"start":{"line":161,"column":7},"end":{"line":161,"column":11}},"loc":{"start":{"line":161,"column":17},"end":{"line":164,"column":9}},"line":161},"22":{"name":"(anonymous_22)","decl":{"start":{"line":172,"column":4},"end":{"line":172,"column":16}},"loc":{"start":{"line":172,"column":24},"end":{"line":177,"column":6}},"line":172},"23":{"name":"(anonymous_23)","decl":{"start":{"line":198,"column":16},"end":{"line":198,"column":31}},"loc":{"start":{"line":198,"column":31},"end":{"line":198,"column":65}},"line":198},"24":{"name":"(anonymous_24)","decl":{"start":{"line":209,"column":20},"end":{"line":209,"column":25}},"loc":{"start":{"line":210,"column":12},"end":{"line":228,"column":null}},"line":210},"25":{"name":"(anonymous_25)","decl":{"start":{"line":223,"column":53},"end":{"line":223,"column":68}},"loc":{"start":{"line":223,"column":68},"end":{"line":223,"column":87}},"line":223},"26":{"name":"(anonymous_26)","decl":{"start":{"line":255,"column":12},"end":{"line":255,"column":23}},"loc":{"start":{"line":255,"column":29},"end":{"line":255,"column":53}},"line":255}},"branchMap":{"0":{"loc":{"start":{"line":10,"column":4},"end":{"line":11,"column":null}},"type":"if","locations":[{"start":{"line":10,"column":4},"end":{"line":11,"column":null}},{"start":{},"end":{}}],"line":10},"1":{"loc":{"start":{"line":10,"column":8},"end":{"line":10,"column":52}},"type":"binary-expr","locations":[{"start":{"line":10,"column":8},"end":{"line":10,"column":29}},{"start":{"line":10,"column":33},"end":{"line":10,"column":52}}],"line":10},"2":{"loc":{"start":{"line":17,"column":11},"end":{"line":18,"column":null}},"type":"binary-expr","locations":[{"start":{"line":17,"column":11},"end":{"line":17,"column":35}},{"start":{"line":17,"column":35},"end":{"line":18,"column":null}}],"line":17},"3":{"loc":{"start":{"line":37,"column":12},"end":{"line":39,"column":null}},"type":"cond-expr","locations":[{"start":{"line":38,"column":10},"end":{"line":38,"column":null}},{"start":{"line":39,"column":10},"end":{"line":39,"column":null}}],"line":37},"4":{"loc":{"start":{"line":54,"column":6},"end":{"line":61,"column":null}},"type":"if","locations":[{"start":{"line":54,"column":6},"end":{"line":61,"column":null}},{"start":{},"end":{}}],"line":54},"5":{"loc":{"start":{"line":58,"column":16},"end":{"line":60,"column":null}},"type":"cond-expr","locations":[{"start":{"line":59,"column":14},"end":{"line":59,"column":null}},{"start":{"line":60,"column":14},"end":{"line":60,"column":null}}],"line":58},"6":{"loc":{"start":{"line":76,"column":4},"end":{"line":97,"column":null}},"type":"if","locations":[{"start":{"line":76,"column":4},"end":{"line":97,"column":null}},{"start":{},"end":{}}],"line":76},"7":{"loc":{"start":{"line":76,"column":8},"end":{"line":76,"column":78}},"type":"binary-expr","locations":[{"start":{"line":76,"column":8},"end":{"line":76,"column":47}},{"start":{"line":76,"column":47},"end":{"line":76,"column":78}}],"line":76},"8":{"loc":{"start":{"line":78,"column":33},"end":{"line":78,"column":null}},"type":"binary-expr","locations":[{"start":{"line":78,"column":33},"end":{"line":78,"column":70}},{"start":{"line":78,"column":70},"end":{"line":78,"column":null}}],"line":78},"9":{"loc":{"start":{"line":103,"column":4},"end":{"line":112,"column":null}},"type":"if","locations":[{"start":{"line":103,"column":4},"end":{"line":112,"column":null}},{"start":{"line":106,"column":11},"end":{"line":112,"column":null}}],"line":103},"10":{"loc":{"start":{"line":107,"column":6},"end":{"line":112,"column":null}},"type":"if","locations":[{"start":{"line":107,"column":6},"end":{"line":112,"column":null}},{"start":{"line":111,"column":13},"end":{"line":112,"column":null}}],"line":107},"11":{"loc":{"start":{"line":108,"column":38},"end":{"line":108,"column":null}},"type":"cond-expr","locations":[{"start":{"line":108,"column":58},"end":{"line":108,"column":68}},{"start":{"line":108,"column":68},"end":{"line":108,"column":null}}],"line":108},"12":{"loc":{"start":{"line":118,"column":4},"end":{"line":118,"column":null}},"type":"if","locations":[{"start":{"line":118,"column":4},"end":{"line":118,"column":null}},{"start":{},"end":{}}],"line":118},"13":{"loc":{"start":{"line":120,"column":4},"end":{"line":123,"column":null}},"type":"if","locations":[{"start":{"line":120,"column":4},"end":{"line":123,"column":null}},{"start":{},"end":{}}],"line":120},"14":{"loc":{"start":{"line":128,"column":21},"end":{"line":128,"column":null}},"type":"cond-expr","locations":[{"start":{"line":128,"column":41},"end":{"line":128,"column":51}},{"start":{"line":128,"column":51},"end":{"line":128,"column":null}}],"line":128},"15":{"loc":{"start":{"line":140,"column":6},"end":{"line":141,"column":null}},"type":"if","locations":[{"start":{"line":140,"column":6},"end":{"line":141,"column":null}},{"start":{},"end":{}}],"line":140},"16":{"loc":{"start":{"line":143,"column":6},"end":{"line":144,"column":null}},"type":"if","locations":[{"start":{"line":143,"column":6},"end":{"line":144,"column":null}},{"start":{},"end":{}}],"line":143},"17":{"loc":{"start":{"line":143,"column":10},"end":{"line":143,"column":49}},"type":"binary-expr","locations":[{"start":{"line":143,"column":10},"end":{"line":143,"column":36}},{"start":{"line":143,"column":36},"end":{"line":143,"column":49}}],"line":143},"18":{"loc":{"start":{"line":150,"column":4},"end":{"line":150,"column":null}},"type":"if","locations":[{"start":{"line":150,"column":4},"end":{"line":150,"column":null}},{"start":{},"end":{}}],"line":150},"19":{"loc":{"start":{"line":151,"column":4},"end":{"line":151,"column":null}},"type":"if","locations":[{"start":{"line":151,"column":4},"end":{"line":151,"column":null}},{"start":{},"end":{}}],"line":151},"20":{"loc":{"start":{"line":151,"column":8},"end":{"line":151,"column":36}},"type":"binary-expr","locations":[{"start":{"line":151,"column":8},"end":{"line":151,"column":21}},{"start":{"line":151,"column":25},"end":{"line":151,"column":36}}],"line":151},"21":{"loc":{"start":{"line":160,"column":19},"end":{"line":160,"column":52}},"type":"binary-expr","locations":[{"start":{"line":160,"column":19},"end":{"line":160,"column":41}},{"start":{"line":160,"column":41},"end":{"line":160,"column":52}}],"line":160},"22":{"loc":{"start":{"line":167,"column":26},"end":{"line":167,"column":null}},"type":"cond-expr","locations":[{"start":{"line":167,"column":46},"end":{"line":167,"column":74}},{"start":{"line":167,"column":74},"end":{"line":167,"column":null}}],"line":167},"23":{"loc":{"start":{"line":181,"column":4},"end":{"line":182,"column":null}},"type":"if","locations":[{"start":{"line":181,"column":4},"end":{"line":182,"column":null}},{"start":{},"end":{}}],"line":181},"24":{"loc":{"start":{"line":199,"column":23},"end":{"line":199,"column":null}},"type":"cond-expr","locations":[{"start":{"line":199,"column":36},"end":{"line":199,"column":54}},{"start":{"line":199,"column":54},"end":{"line":199,"column":null}}],"line":199},"25":{"loc":{"start":{"line":200,"column":28},"end":{"line":200,"column":null}},"type":"cond-expr","locations":[{"start":{"line":200,"column":41},"end":{"line":200,"column":59}},{"start":{"line":200,"column":59},"end":{"line":200,"column":null}}],"line":200},"26":{"loc":{"start":{"line":202,"column":17},"end":{"line":202,"column":null}},"type":"cond-expr","locations":[{"start":{"line":202,"column":30},"end":{"line":202,"column":79}},{"start":{"line":202,"column":78},"end":{"line":202,"column":null}}],"line":202},"27":{"loc":{"start":{"line":217,"column":17},"end":{"line":217,"column":null}},"type":"cond-expr","locations":[{"start":{"line":217,"column":40},"end":{"line":217,"column":61}},{"start":{"line":217,"column":60},"end":{"line":217,"column":null}}],"line":217},"28":{"loc":{"start":{"line":219,"column":48},"end":{"line":219,"column":null}},"type":"cond-expr","locations":[{"start":{"line":219,"column":62},"end":{"line":219,"column":79}},{"start":{"line":219,"column":79},"end":{"line":219,"column":null}}],"line":219},"29":{"loc":{"start":{"line":220,"column":17},"end":{"line":220,"column":null}},"type":"binary-expr","locations":[{"start":{"line":220,"column":17},"end":{"line":220,"column":32}},{"start":{"line":220,"column":32},"end":{"line":220,"column":null}}],"line":220},"30":{"loc":{"start":{"line":222,"column":17},"end":{"line":225,"column":null}},"type":"binary-expr","locations":[{"start":{"line":222,"column":17},"end":{"line":222,"column":41}},{"start":{"line":222,"column":41},"end":{"line":222,"column":null}},{"start":{"line":223,"column":18},"end":{"line":225,"column":null}}],"line":222},"31":{"loc":{"start":{"line":230,"column":11},"end":{"line":235,"column":null}},"type":"binary-expr","locations":[{"start":{"line":230,"column":11},"end":{"line":230,"column":null}},{"start":{"line":231,"column":12},"end":{"line":235,"column":null}}],"line":230},"32":{"loc":{"start":{"line":244,"column":34},"end":{"line":244,"column":null}},"type":"cond-expr","locations":[{"start":{"line":244,"column":48},"end":{"line":244,"column":62}},{"start":{"line":244,"column":62},"end":{"line":244,"column":null}}],"line":244},"33":{"loc":{"start":{"line":249,"column":13},"end":{"line":249,"column":null}},"type":"cond-expr","locations":[{"start":{"line":249,"column":27},"end":{"line":249,"column":51}},{"start":{"line":249,"column":50},"end":{"line":249,"column":null}}],"line":249},"34":{"loc":{"start":{"line":257,"column":22},"end":{"line":257,"column":null}},"type":"binary-expr","locations":[{"start":{"line":257,"column":22},"end":{"line":257,"column":35}},{"start":{"line":257,"column":35},"end":{"line":257,"column":null}}],"line":257},"35":{"loc":{"start":{"line":259,"column":42},"end":{"line":259,"column":70}},"type":"binary-expr","locations":[{"start":{"line":259,"column":42},"end":{"line":259,"column":55}},{"start":{"line":259,"column":59},"end":{"line":259,"column":70}}],"line":259}},"s":{"0":2,"1":10,"2":10,"3":10,"4":0,"5":10,"6":10,"7":2,"8":7,"9":7,"10":7,"11":7,"12":7,"13":7,"14":7,"15":7,"16":7,"17":2,"18":2,"19":2,"20":0,"21":7,"22":6,"23":7,"24":6,"25":7,"26":2,"27":0,"28":0,"29":0,"30":0,"31":0,"32":0,"33":0,"34":0,"35":0,"36":0,"37":0,"38":0,"39":0,"40":7,"41":0,"42":0,"43":0,"44":0,"45":0,"46":0,"47":0,"48":0,"49":7,"50":1,"51":0,"52":1,"53":0,"54":0,"55":0,"56":1,"57":1,"58":1,"59":1,"60":0,"61":1,"62":0,"63":1,"64":1,"65":7,"66":2,"67":2,"68":2,"69":2,"70":0,"71":7,"72":1,"73":1,"74":1,"75":0,"76":1,"77":1,"78":1,"79":1,"80":1,"81":1,"82":1,"83":1,"84":0,"85":1,"86":1,"87":1,"88":1,"89":1,"90":1,"91":1,"92":1,"93":7,"94":0,"95":10,"96":0,"97":1},"f":{"0":10,"1":10,"2":10,"3":7,"4":2,"5":2,"6":6,"7":6,"8":2,"9":0,"10":0,"11":0,"12":0,"13":1,"14":0,"15":0,"16":2,"17":2,"18":1,"19":1,"20":1,"21":0,"22":1,"23":0,"24":10,"25":0,"26":1},"b":{"0":[0,10],"1":[10,0],"2":[10,0],"3":[7,0],"4":[2,0],"5":[2,0],"6":[0,2],"7":[2,2],"8":[0,0],"9":[0,0],"10":[0,0],"11":[0,0],"12":[0,1],"13":[0,1],"14":[0,1],"15":[2,0],"16":[0,2],"17":[2,0],"18":[1,0],"19":[0,1],"20":[1,1],"21":[1,0],"22":[0,1],"23":[1,0],"24":[1,6],"25":[1,6],"26":[1,6],"27":[8,2],"28":[0,10],"29":[10,0],"30":[10,8,8],"31":[7,1],"32":[0,7],"33":[0,7],"34":[7,6],"35":[7,1]},"meta":{"lastBranch":36,"lastFunction":27,"lastStatement":98,"seen":{"s:7:6:21:Infinity":0,"f:7:6:7:29":0,"s:8:16:8:44":1,"s:9:2:21:Infinity":2,"f:9:15:9:20":1,"b:10:4:11:Infinity:undefined:undefined:undefined:undefined":0,"s:10:4:11:Infinity":3,"b:10:8:10:29:10:33:10:52":1,"s:11:6:11:Infinity":4,"s:13:4:20:Infinity":5,"f:14:23:14:28":2,"s:15:8:18:Infinity":6,"b:17:11:17:35:17:35:18:Infinity":2,"s:31:6:449:Infinity":7,"f:31:6:31:28":3,"s:32:13:32:39":8,"s:33:19:41:4":9,"b:38:10:38:Infinity:39:10:39:Infinity":3,"s:42:16:42:40":10,"s:43:20:43:51":11,"s:44:22:44:55":12,"s:45:21:45:53":13,"s:47:8:47:53":14,"s:49:8:49:42":15,"s:51:2:65:Infinity":16,"f:51:2:51:18":4,"s:53:4:64:Infinity":17,"f:53:4:53:16":5,"b:54:6:61:Infinity:undefined:undefined:undefined:undefined":4,"s:54:6:61:Infinity":18,"s:55:8:61:Infinity":19,"b:59:14:59:Infinity:60:14:60:Infinity":5,"s:63:6:63:Infinity":20,"s:66:8:67:Infinity":21,"f:66:8:66:31":6,"s:67:4:67:Infinity":22,"s:70:2:72:Infinity":23,"f:70:2:70:18":7,"s:71:4:71:Infinity":24,"s:75:2:100:Infinity":25,"f:75:2:75:18":8,"b:76:4:97:Infinity:undefined:undefined:undefined:undefined":6,"s:76:4:97:Infinity":26,"b:76:8:76:47:76:47:76:78":7,"s:78:33:78:Infinity":27,"b:78:33:78:70:78:70:78:Infinity":8,"s:79:6:79:Infinity":28,"s:80:6:80:Infinity":29,"s:81:6:81:Infinity":30,"s:84:6:87:Infinity":31,"f:84:29:84:41":9,"s:85:27:85:Infinity":32,"s:86:8:86:Infinity":33,"s:87:8:87:Infinity":34,"s:91:6:93:Infinity":35,"f:91:29:91:40":10,"s:92:8:92:Infinity":36,"s:93:8:93:Infinity":37,"s:96:6:97:Infinity":38,"f:96:29:96:43":11,"s:97:8:97:Infinity":39,"s:102:8:112:Infinity":40,"f:102:8:102:32":12,"b:103:4:112:Infinity:106:11:112:Infinity":9,"s:103:4:112:Infinity":41,"s:104:6:104:Infinity":42,"s:105:6:105:Infinity":43,"b:107:6:112:Infinity:111:13:112:Infinity":10,"s:107:6:112:Infinity":44,"s:108:8:108:Infinity":45,"b:108:58:108:68:108:68:108:Infinity":11,"s:109:8:109:Infinity":46,"s:110:8:110:Infinity":47,"s:112:8:112:Infinity":48,"s:117:8:134:Infinity":49,"f:117:8:117:21":13,"b:118:4:118:Infinity:undefined:undefined:undefined:undefined":12,"s:118:4:118:Infinity":50,"s:118:40:118:Infinity":51,"b:120:4:123:Infinity:undefined:undefined:undefined:undefined":13,"s:120:4:123:Infinity":52,"s:121:6:121:Infinity":53,"s:122:6:122:Infinity":54,"s:123:6:123:Infinity":55,"s:126:22:126:67":56,"s:127:22:127:61":57,"s:128:4:128:Infinity":58,"b:128:41:128:51:128:51:128:Infinity":14,"s:130:4:130:Infinity":59,"f:130:14:130:28":14,"s:130:28:130:48":60,"s:131:4:131:Infinity":61,"f:131:14:131:30":15,"s:131:30:131:50":62,"s:133:4:133:Infinity":63,"s:134:4:134:Infinity":64,"s:138:2:147:Infinity":65,"f:138:2:138:18":16,"s:139:4:144:Infinity":66,"f:139:4:139:17":17,"b:140:6:141:Infinity:undefined:undefined:undefined:undefined":15,"s:140:6:141:Infinity":67,"s:141:8:141:Infinity":68,"b:143:6:144:Infinity:undefined:undefined:undefined:undefined":16,"s:143:6:144:Infinity":69,"b:143:10:143:36:143:36:143:49":17,"s:144:9:144:Infinity":70,"s:149:21:182:Infinity":71,"f:149:21:149:28":18,"b:150:4:150:Infinity:undefined:undefined:undefined:undefined":18,"s:150:4:150:Infinity":72,"s:150:11:150:Infinity":73,"b:151:4:151:Infinity:undefined:undefined:undefined:undefined":19,"s:151:4:151:Infinity":74,"b:151:8:151:21:151:25:151:36":20,"s:151:36:151:Infinity":75,"s:153:21:153:33":76,"s:154:32:154:Infinity":77,"s:155:4:155:Infinity":78,"f:155:4:155:16":19,"s:155:24:155:45":79,"s:156:4:156:Infinity":80,"s:157:4:157:Infinity":81,"s:159:20:164:9":82,"f:160:7:160:14":20,"s:160:19:160:52":83,"b:160:19:160:41:160:41:160:52":21,"f:161:7:161:11":21,"s:161:17:164:9":84,"s:167:26:167:Infinity":85,"b:167:46:167:74:167:74:167:Infinity":22,"s:169:25:169:85":86,"s:170:20:170:53":87,"s:172:4:177:Infinity":88,"f:172:4:172:16":22,"s:172:24:177:6":89,"s:178:4:178:Infinity":90,"b:181:4:182:Infinity:undefined:undefined:undefined:undefined":23,"s:181:4:182:Infinity":91,"s:182:7:182:Infinity":92,"s:186:2:449:Infinity":93,"f:198:16:198:31":23,"s:198:31:198:65":94,"b:199:36:199:54:199:54:199:Infinity":24,"b:200:41:200:59:200:59:200:Infinity":25,"b:202:30:202:79:202:78:202:Infinity":26,"f:209:20:209:25":24,"s:210:12:228:Infinity":95,"b:217:40:217:61:217:60:217:Infinity":27,"b:219:62:219:79:219:79:219:Infinity":28,"b:220:17:220:32:220:32:220:Infinity":29,"b:222:17:222:41:222:41:222:Infinity:223:18:225:Infinity":30,"f:223:53:223:68":25,"s:223:68:223:87":96,"b:230:11:230:Infinity:231:12:235:Infinity":31,"b:244:48:244:62:244:62:244:Infinity":32,"b:249:27:249:51:249:50:249:Infinity":33,"f:255:12:255:23":26,"s:255:29:255:53":97,"b:257:22:257:35:257:35:257:Infinity":34,"b:259:42:259:55:259:59:259:70":35}}}
,"E:\\ANTIGRVITY\\ELE\\src\\pages\\Home.tsx": {"path":"E:\\ANTIGRVITY\\ELE\\src\\pages\\Home.tsx","statementMap":{"0":{"start":{"line":5,"column":6},"end":{"line":270,"column":null}},"1":{"start":{"line":6,"column":2},"end":{"line":270,"column":null}},"2":{"start":{"line":81,"column":12},"end":{"line":92,"column":null}}},"fnMap":{"0":{"name":"(anonymous_0)","decl":{"start":{"line":5,"column":6},"end":{"line":5,"column":19}},"loc":{"start":{"line":5,"column":19},"end":{"line":270,"column":null}},"line":5},"1":{"name":"(anonymous_1)","decl":{"start":{"line":80,"column":12},"end":{"line":80,"column":17}},"loc":{"start":{"line":81,"column":12},"end":{"line":92,"column":null}},"line":81}},"branchMap":{},"s":{"0":1,"1":2,"2":6},"f":{"0":2,"1":6},"b":{},"meta":{"lastBranch":0,"lastFunction":2,"lastStatement":3,"seen":{"s:5:6:270:Infinity":0,"f:5:6:5:19":0,"s:6:2:270:Infinity":1,"f:80:12:80:17":1,"s:81:12:92:Infinity":2}}}
,"E:\\ANTIGRVITY\\ELE\\src\\pages\\ProcessTimeline.tsx": {"path":"E:\\ANTIGRVITY\\ELE\\src\\pages\\ProcessTimeline.tsx","statementMap":{"0":{"start":{"line":4,"column":14},"end":{"line":47,"column":null}},"1":{"start":{"line":49,"column":6},"end":{"line":234,"column":null}},"2":{"start":{"line":50,"column":2},"end":{"line":234,"column":null}},"3":{"start":{"line":70,"column":10},"end":{"line":93,"column":null}}},"fnMap":{"0":{"name":"(anonymous_0)","decl":{"start":{"line":49,"column":6},"end":{"line":49,"column":30}},"loc":{"start":{"line":49,"column":30},"end":{"line":234,"column":null}},"line":49},"1":{"name":"(anonymous_1)","decl":{"start":{"line":69,"column":15},"end":{"line":69,"column":20}},"loc":{"start":{"line":70,"column":10},"end":{"line":93,"column":null}},"line":70}},"branchMap":{"0":{"loc":{"start":{"line":73,"column":38},"end":{"line":73,"column":66}},"type":"cond-expr","locations":[{"start":{"line":73,"column":56},"end":{"line":73,"column":62}},{"start":{"line":73,"column":62},"end":{"line":73,"column":66}}],"line":73},"1":{"loc":{"start":{"line":78,"column":48},"end":{"line":78,"column":null}},"type":"cond-expr","locations":[{"start":{"line":78,"column":66},"end":{"line":78,"column":75}},{"start":{"line":78,"column":75},"end":{"line":78,"column":null}}],"line":78}},"s":{"0":2,"1":2,"2":2,"3":12},"f":{"0":2,"1":12},"b":{"0":[6,6],"1":[6,6]},"meta":{"lastBranch":2,"lastFunction":2,"lastStatement":4,"seen":{"s:4:14:47:Infinity":0,"s:49:6:234:Infinity":1,"f:49:6:49:30":0,"s:50:2:234:Infinity":2,"f:69:15:69:20":1,"s:70:10:93:Infinity":3,"b:73:56:73:62:73:62:73:66":0,"b:78:66:78:75:78:75:78:Infinity":1}}}
,"E:\\ANTIGRVITY\\ELE\\src\\pages\\VotingChecklist.tsx": {"path":"E:\\ANTIGRVITY\\ELE\\src\\pages\\VotingChecklist.tsx","statementMap":{"0":{"start":{"line":5,"column":6},"end":{"line":147,"column":null}},"1":{"start":{"line":6,"column":10},"end":{"line":6,"column":36}},"2":{"start":{"line":8,"column":25},"end":{"line":33,"column":null}},"3":{"start":{"line":35,"column":2},"end":{"line":147,"column":null}},"4":{"start":{"line":57,"column":10},"end":{"line":72,"column":null}}},"fnMap":{"0":{"name":"(anonymous_0)","decl":{"start":{"line":5,"column":6},"end":{"line":5,"column":30}},"loc":{"start":{"line":5,"column":30},"end":{"line":147,"column":null}},"line":5},"1":{"name":"(anonymous_1)","decl":{"start":{"line":56,"column":24},"end":{"line":56,"column":29}},"loc":{"start":{"line":57,"column":10},"end":{"line":72,"column":null}},"line":57}},"branchMap":{"0":{"loc":{"start":{"line":42,"column":11},"end":{"line":42,"column":null}},"type":"cond-expr","locations":[{"start":{"line":42,"column":31},"end":{"line":42,"column":56}},{"start":{"line":42,"column":56},"end":{"line":42,"column":null}}],"line":42},"1":{"loc":{"start":{"line":49,"column":11},"end":{"line":51,"column":null}},"type":"cond-expr","locations":[{"start":{"line":50,"column":14},"end":{"line":50,"column":null}},{"start":{"line":51,"column":14},"end":{"line":51,"column":null}}],"line":49},"2":{"loc":{"start":{"line":67,"column":17},"end":{"line":67,"column":60}},"type":"cond-expr","locations":[{"start":{"line":67,"column":37},"end":{"line":67,"column":47}},{"start":{"line":67,"column":47},"end":{"line":67,"column":60}}],"line":67}},"s":{"0":2,"1":2,"2":2,"3":2,"4":8},"f":{"0":2,"1":8},"b":{"0":[2,0],"1":[2,0],"2":[8,0]},"meta":{"lastBranch":3,"lastFunction":2,"lastStatement":5,"seen":{"s:5:6:147:Infinity":0,"f:5:6:5:30":0,"s:6:10:6:36":1,"s:8:25:33:Infinity":2,"s:35:2:147:Infinity":3,"b:42:31:42:56:42:56:42:Infinity":0,"b:50:14:50:Infinity:51:14:51:Infinity":1,"f:56:24:56:29":1,"s:57:10:72:Infinity":4,"b:67:37:67:47:67:47:67:60":2}}}
,"E:\\ANTIGRVITY\\ELE\\src\\services\\gemini.ts": {"path":"E:\\ANTIGRVITY\\ELE\\src\\services\\gemini.ts","statementMap":{"0":{"start":{"line":3,"column":16},"end":{"line":3,"column":null}},"1":{"start":{"line":5,"column":14},"end":{"line":5,"column":null}},"2":{"start":{"line":7,"column":27},"end":{"line":7,"column":null}},"3":{"start":{"line":18,"column":47},"end":{"line":25,"column":null}},"4":{"start":{"line":28,"column":2},"end":{"line":40,"column":null}},"5":{"start":{"line":29,"column":4},"end":{"line":39,"column":null}},"6":{"start":{"line":30,"column":25},"end":{"line":30,"column":44}},"7":{"start":{"line":31,"column":21},"end":{"line":31,"column":null}},"8":{"start":{"line":32,"column":6},"end":{"line":35,"column":null}},"9":{"start":{"line":33,"column":8},"end":{"line":35,"column":null}},"10":{"start":{"line":34,"column":10},"end":{"line":34,"column":null}},"11":{"start":{"line":35,"column":10},"end":{"line":35,"column":null}},"12":{"start":{"line":38,"column":6},"end":{"line":38,"column":null}},"13":{"start":{"line":43,"column":35},"end":{"line":68,"column":null}},"14":{"start":{"line":44,"column":2},"end":{"line":46,"column":null}},"15":{"start":{"line":45,"column":4},"end":{"line":45,"column":null}},"16":{"start":{"line":46,"column":4},"end":{"line":46,"column":null}},"17":{"start":{"line":49,"column":2},"end":{"line":68,"column":null}},"18":{"start":{"line":50,"column":18},"end":{"line":53,"column":6}},"19":{"start":{"line":55,"column":17},"end":{"line":61,"column":6}},"20":{"start":{"line":63,"column":19},"end":{"line":63,"column":54}},"21":{"start":{"line":64,"column":21},"end":{"line":64,"column":null}},"22":{"start":{"line":65,"column":4},"end":{"line":65,"column":null}},"23":{"start":{"line":67,"column":4},"end":{"line":67,"column":null}},"24":{"start":{"line":68,"column":4},"end":{"line":68,"column":null}}},"fnMap":{"0":{"name":"getMockResponse","decl":{"start":{"line":27,"column":9},"end":{"line":27,"column":25}},"loc":{"start":{"line":27,"column":57},"end":{"line":40,"column":null}},"line":27},"1":{"name":"(anonymous_1)","decl":{"start":{"line":28,"column":13},"end":{"line":28,"column":22}},"loc":{"start":{"line":28,"column":34},"end":{"line":40,"column":null}},"line":28},"2":{"name":"(anonymous_2)","decl":{"start":{"line":29,"column":4},"end":{"line":29,"column":21}},"loc":{"start":{"line":29,"column":21},"end":{"line":39,"column":12}},"line":29},"3":{"name":"(anonymous_3)","decl":{"start":{"line":43,"column":35},"end":{"line":43,"column":42}},"loc":{"start":{"line":43,"column":127},"end":{"line":68,"column":null}},"line":43}},"branchMap":{"0":{"loc":{"start":{"line":3,"column":16},"end":{"line":3,"column":null}},"type":"binary-expr","locations":[{"start":{"line":3,"column":16},"end":{"line":3,"column":55}},{"start":{"line":3,"column":55},"end":{"line":3,"column":null}}],"line":3},"1":{"loc":{"start":{"line":5,"column":14},"end":{"line":5,"column":null}},"type":"cond-expr","locations":[{"start":{"line":5,"column":24},"end":{"line":5,"column":55}},{"start":{"line":5,"column":58},"end":{"line":5,"column":null}}],"line":5},"2":{"loc":{"start":{"line":33,"column":8},"end":{"line":35,"column":null}},"type":"if","locations":[{"start":{"line":33,"column":8},"end":{"line":35,"column":null}},{"start":{},"end":{}}],"line":33},"3":{"loc":{"start":{"line":43,"column":63},"end":{"line":43,"column":122}},"type":"default-arg","locations":[{"start":{"line":43,"column":120},"end":{"line":43,"column":122}}],"line":43},"4":{"loc":{"start":{"line":44,"column":2},"end":{"line":46,"column":null}},"type":"if","locations":[{"start":{"line":44,"column":2},"end":{"line":46,"column":null}},{"start":{},"end":{}}],"line":44}},"s":{"0":2,"1":2,"2":2,"3":2,"4":3,"5":3,"6":3,"7":3,"8":3,"9":9,"10":2,"11":2,"12":3,"13":2,"14":3,"15":3,"16":3,"17":0,"18":0,"19":0,"20":0,"21":0,"22":0,"23":0,"24":0},"f":{"0":3,"1":3,"2":3,"3":3},"b":{"0":[2,2],"1":[0,2],"2":[2,7],"3":[3],"4":[3,0]},"meta":{"lastBranch":5,"lastFunction":4,"lastStatement":25,"seen":{"s:3:16:3:Infinity":0,"b:3:16:3:55:3:55:3:Infinity":0,"s:5:14:5:Infinity":1,"b:5:24:5:55:5:58:5:Infinity":1,"s:7:27:7:Infinity":2,"s:18:47:25:Infinity":3,"f:27:9:27:25":0,"s:28:2:40:Infinity":4,"f:28:13:28:22":1,"s:29:4:39:Infinity":5,"f:29:4:29:21":2,"s:30:25:30:44":6,"s:31:21:31:Infinity":7,"s:32:6:35:Infinity":8,"b:33:8:35:Infinity:undefined:undefined:undefined:undefined":2,"s:33:8:35:Infinity":9,"s:34:10:34:Infinity":10,"s:35:10:35:Infinity":11,"s:38:6:38:Infinity":12,"s:43:35:68:Infinity":13,"f:43:35:43:42":3,"b:43:120:43:122":3,"b:44:2:46:Infinity:undefined:undefined:undefined:undefined":4,"s:44:2:46:Infinity":14,"s:45:4:45:Infinity":15,"s:46:4:46:Infinity":16,"s:49:2:68:Infinity":17,"s:50:18:53:6":18,"s:55:17:61:6":19,"s:63:19:63:54":20,"s:64:21:64:Infinity":21,"s:65:4:65:Infinity":22,"s:67:4:67:Infinity":23,"s:68:4:68:Infinity":24}}}
}
