{"E:\\ANTIGRVITY\\ELE\\src\\App.tsx": {"path":"E:\\ANTIGRVITY\\ELE\\src\\App.tsx","statementMap":{"0":{"start":{"line":6,"column":6},"end":{"line":6,"column":null}},"1":{"start":{"line":6,"column":24},"end":{"line":6,"column":null}},"2":{"start":{"line":7,"column":6},"end":{"line":7,"column":null}},"3":{"start":{"line":7,"column":35},"end":{"line":7,"column":null}},"4":{"start":{"line":8,"column":6},"end":{"line":8,"column":null}},"5":{"start":{"line":8,"column":33},"end":{"line":8,"column":null}},"6":{"start":{"line":9,"column":6},"end":{"line":9,"column":null}},"7":{"start":{"line":9,"column":35},"end":{"line":9,"column":null}},"8":{"start":{"line":11,"column":6},"end":{"line":19,"column":null}},"9":{"start":{"line":12,"column":2},"end":{"line":19,"column":null}},"10":{"start":{"line":24,"column":2},"end":{"line":37,"column":null}}},"fnMap":{"0":{"name":"(anonymous_0)","decl":{"start":{"line":6,"column":13},"end":{"line":6,"column":24}},"loc":{"start":{"line":6,"column":24},"end":{"line":6,"column":null}},"line":6},"1":{"name":"(anonymous_1)","decl":{"start":{"line":7,"column":24},"end":{"line":7,"column":35}},"loc":{"start":{"line":7,"column":35},"end":{"line":7,"column":null}},"line":7},"2":{"name":"(anonymous_2)","decl":{"start":{"line":8,"column":22},"end":{"line":8,"column":33}},"loc":{"start":{"line":8,"column":33},"end":{"line":8,"column":null}},"line":8},"3":{"name":"(anonymous_3)","decl":{"start":{"line":9,"column":24},"end":{"line":9,"column":35}},"loc":{"start":{"line":9,"column":35},"end":{"line":9,"column":null}},"line":9},"4":{"name":"(anonymous_4)","decl":{"start":{"line":11,"column":6},"end":{"line":11,"column":null}},"loc":{"start":{"line":12,"column":2},"end":{"line":19,"column":null}},"line":12},"5":{"name":"App","decl":{"start":{"line":23,"column":9},"end":{"line":23,"column":15}},"loc":{"start":{"line":23,"column":15},"end":{"line":37,"column":null}},"line":23}},"branchMap":{},"s":{"0":1,"1":1,"2":1,"3":0,"4":1,"5":0,"6":1,"7":0,"8":1,"9":2,"10":2},"f":{"0":1,"1":0,"2":0,"3":0,"4":2,"5":2},"b":{},"meta":{"lastBranch":0,"lastFunction":6,"lastStatement":11,"seen":{"s:6:6:6:Infinity":0,"f:6:13:6:24":0,"s:6:24:6:Infinity":1,"s:7:6:7:Infinity":2,"f:7:24:7:35":1,"s:7:35:7:Infinity":3,"s:8:6:8:Infinity":4,"f:8:22:8:33":2,"s:8:33:8:Infinity":5,"s:9:6:9:Infinity":6,"f:9:24:9:35":3,"s:9:35:9:Infinity":7,"s:11:6:19:Infinity":8,"f:11:6:11:Infinity":4,"s:12:2:19:Infinity":9,"f:23:9:23:15":5,"s:24:2:37:Infinity":10}}}
,"E:\\ANTIGRVITY\\ELE\\src\\components\\ErrorBoundary.tsx": {"path":"E:\\ANTIGRVITY\\ELE\\src\\components\\ErrorBoundary.tsx","statementMap":{"0":{"start":{"line":12,"column":24},"end":{"line":13,"column":null}},"1":{"start":{"line":18,"column":4},"end":{"line":18,"column":null}},"2":{"start":{"line":22,"column":4},"end":{"line":22,"column":null}},"3":{"start":{"line":26,"column":4},"end":{"line":33,"column":null}},"4":{"start":{"line":27,"column":6},"end":{"line":33,"column":null}},"5":{"start":{"line":31,"column":61},"end":{"line":31,"column":85}},"6":{"start":{"line":38,"column":4},"end":{"line":38,"column":null}}},"fnMap":{"0":{"name":"(anonymous_0)","decl":{"start":{"line":16,"column":16},"end":{"line":16,"column":41}},"loc":{"start":{"line":16,"column":58},"end":{"line":18,"column":null}},"line":16},"1":{"name":"(anonymous_1)","decl":{"start":{"line":21,"column":2},"end":{"line":21,"column":9}},"loc":{"start":{"line":21,"column":63},"end":{"line":22,"column":null}},"line":21},"2":{"name":"(anonymous_2)","decl":{"start":{"line":25,"column":2},"end":{"line":25,"column":9}},"loc":{"start":{"line":25,"column":18},"end":{"line":38,"column":null}},"line":25},"3":{"name":"(anonymous_3)","decl":{"start":{"line":31,"column":46},"end":{"line":31,"column":61}},"loc":{"start":{"line":31,"column":61},"end":{"line":31,"column":85}},"line":31}},"branchMap":{"0":{"loc":{"start":{"line":26,"column":4},"end":{"line":33,"column":null}},"type":"if","locations":[{"start":{"line":26,"column":4},"end":{"line":33,"column":null}},{"start":{},"end":{}}],"line":26}},"s":{"0":7,"1":4,"2":2,"3":11,"4":4,"5":1,"6":7},"f":{"0":2,"1":2,"2":11,"3":1},"b":{"0":[4,7]},"meta":{"lastBranch":1,"lastFunction":4,"lastStatement":7,"seen":{"s:12:24:13:Infinity":0,"f:16:16:16:41":0,"s:18:4:18:Infinity":1,"f:21:2:21:9":1,"s:22:4:22:Infinity":2,"f:25:2:25:9":2,"b:26:4:33:Infinity:undefined:undefined:undefined:undefined":0,"s:26:4:33:Infinity":3,"s:27:6:33:Infinity":4,"f:31:46:31:61":3,"s:31:61:31:85":5,"s:38:4:38:Infinity":6}}}
,"E:\\ANTIGRVITY\\ELE\\src\\components\\Navbar.tsx": {"path":"E:\\ANTIGRVITY\\ELE\\src\\components\\Navbar.tsx","statementMap":{"0":{"start":{"line":5,"column":6},"end":{"line":74,"column":null}},"1":{"start":{"line":6,"column":8},"end":{"line":6,"column":32}},"2":{"start":{"line":7,"column":23},"end":{"line":7,"column":55}},"3":{"start":{"line":9,"column":8},"end":{"line":10,"column":null}},"4":{"start":{"line":10,"column":4},"end":{"line":10,"column":null}},"5":{"start":{"line":13,"column":2},"end":{"line":74,"column":null}}},"fnMap":{"0":{"name":"(anonymous_0)","decl":{"start":{"line":5,"column":6},"end":{"line":5,"column":21}},"loc":{"start":{"line":5,"column":21},"end":{"line":74,"column":null}},"line":5},"1":{"name":"(anonymous_1)","decl":{"start":{"line":9,"column":8},"end":{"line":9,"column":20}},"loc":{"start":{"line":9,"column":37},"end":{"line":10,"column":null}},"line":9}},"branchMap":{"0":{"loc":{"start":{"line":10,"column":11},"end":{"line":10,"column":null}},"type":"cond-expr","locations":[{"start":{"line":10,"column":40},"end":{"line":10,"column":51}},{"start":{"line":10,"column":51},"end":{"line":10,"column":null}}],"line":10},"1":{"loc":{"start":{"line":34,"column":37},"end":{"line":34,"column":null}},"type":"cond-expr","locations":[{"start":{"line":34,"column":57},"end":{"line":34,"column":67}},{"start":{"line":34,"column":67},"end":{"line":34,"column":null}}],"line":34}},"s":{"0":1,"1":2,"2":2,"3":2,"4":8,"5":2},"f":{"0":2,"1":8},"b":{"0":[2,6],"1":[2,0]},"meta":{"lastBranch":2,"lastFunction":2,"lastStatement":6,"seen":{"s:5:6:74:Infinity":0,"f:5:6:5:21":0,"s:6:8:6:32":1,"s:7:23:7:55":2,"s:9:8:10:Infinity":3,"f:9:8:9:20":1,"s:10:4:10:Infinity":4,"b:10:40:10:51:10:51:10:Infinity":0,"s:13:2:74:Infinity":5,"b:34:57:34:67:34:67:34:Infinity":1}}}
,"E:\\ANTIGRVITY\\ELE\\src\\context\\LanguageContext.tsx": {"path":"E:\\ANTIGRVITY\\ELE\\src\\context\\LanguageContext.tsx","statementMap":{"0":{"start":{"line":13,"column":42},"end":{"line":28,"column":null}},"1":{"start":{"line":36,"column":6},"end":{"line":36,"column":81}},"2":{"start":{"line":38,"column":13},"end":{"line":55,"column":null}},"3":{"start":{"line":39,"column":19},"end":{"line":39,"column":58}},"4":{"start":{"line":41,"column":8},"end":{"line":42,"column":null}},"5":{"start":{"line":42,"column":4},"end":{"line":42,"column":null}},"6":{"start":{"line":42,"column":24},"end":{"line":42,"column":52}},"7":{"start":{"line":45,"column":8},"end":{"line":49,"column":null}},"8":{"start":{"line":46,"column":4},"end":{"line":47,"column":null}},"9":{"start":{"line":47,"column":6},"end":{"line":47,"column":null}},"10":{"start":{"line":49,"column":4},"end":{"line":49,"column":null}},"11":{"start":{"line":52,"column":2},"end":{"line":55,"column":null}},"12":{"start":{"line":59,"column":13},"end":{"line":64,"column":null}},"13":{"start":{"line":60,"column":8},"end":{"line":60,"column":45}},"14":{"start":{"line":61,"column":2},"end":{"line":62,"column":null}},"15":{"start":{"line":62,"column":4},"end":{"line":62,"column":null}},"16":{"start":{"line":64,"column":2},"end":{"line":64,"column":null}}},"fnMap":{"0":{"name":"(anonymous_0)","decl":{"start":{"line":38,"column":13},"end":{"line":38,"column":33}},"loc":{"start":{"line":38,"column":75},"end":{"line":55,"column":null}},"line":38},"1":{"name":"(anonymous_1)","decl":{"start":{"line":41,"column":8},"end":{"line":41,"column":31}},"loc":{"start":{"line":41,"column":31},"end":{"line":42,"column":null}},"line":41},"2":{"name":"(anonymous_2)","decl":{"start":{"line":42,"column":4},"end":{"line":42,"column":16}},"loc":{"start":{"line":42,"column":24},"end":{"line":42,"column":52}},"line":42},"3":{"name":"(anonymous_3)","decl":{"start":{"line":45,"column":8},"end":{"line":45,"column":13}},"loc":{"start":{"line":45,"column":29},"end":{"line":49,"column":null}},"line":45},"4":{"name":"(anonymous_4)","decl":{"start":{"line":59,"column":13},"end":{"line":59,"column":33}},"loc":{"start":{"line":59,"column":33},"end":{"line":64,"column":null}},"line":59}},"branchMap":{"0":{"loc":{"start":{"line":42,"column":24},"end":{"line":42,"column":52}},"type":"cond-expr","locations":[{"start":{"line":42,"column":40},"end":{"line":42,"column":47}},{"start":{"line":42,"column":47},"end":{"line":42,"column":52}}],"line":42},"1":{"loc":{"start":{"line":46,"column":4},"end":{"line":47,"column":null}},"type":"if","locations":[{"start":{"line":46,"column":4},"end":{"line":47,"column":null}},{"start":{},"end":{}}],"line":46},"2":{"loc":{"start":{"line":61,"column":2},"end":{"line":62,"column":null}},"type":"if","locations":[{"start":{"line":61,"column":2},"end":{"line":62,"column":null}},{"start":{},"end":{}}],"line":61}},"s":{"0":5,"1":5,"2":5,"3":18,"4":18,"5":2,"6":2,"7":18,"8":100,"9":99,"10":1,"11":18,"12":5,"13":41,"14":41,"15":2,"16":38},"f":{"0":18,"1":2,"2":2,"3":100,"4":41},"b":{"0":[2,0],"1":[99,1],"2":[2,39]},"meta":{"lastBranch":3,"lastFunction":5,"lastStatement":17,"seen":{"s:13:42:28:Infinity":0,"s:36:6:36:81":1,"s:38:13:55:Infinity":2,"f:38:13:38:33":0,"s:39:19:39:58":3,"s:41:8:42:Infinity":4,"f:41:8:41:31":1,"s:42:4:42:Infinity":5,"f:42:4:42:16":2,"s:42:24:42:52":6,"b:42:40:42:47:42:47:42:52":0,"s:45:8:49:Infinity":7,"f:45:8:45:13":3,"b:46:4:47:Infinity:undefined:undefined:undefined:undefined":1,"s:46:4:47:Infinity":8,"s:47:6:47:Infinity":9,"s:49:4:49:Infinity":10,"s:52:2:55:Infinity":11,"s:59:13:64:Infinity":12,"f:59:13:59:33":4,"s:60:8:60:45":13,"b:61:2:62:Infinity:undefined:undefined:undefined:undefined":2,"s:61:2:62:Infinity":14,"s:62:4:62:Infinity":15,"s:64:2:64:Infinity":16}}}
,"E:\\ANTIGRVITY\\ELE\\src\\pages\\ChatAssistant.tsx": {"path":"E:\\ANTIGRVITY\\ELE\\src\\pages\\ChatAssistant.tsx","statementMap":{"0":{"start":{"line":9,"column":6},"end":{"line":23,"column":null}},"1":{"start":{"line":10,"column":16},"end":{"line":10,"column":44}},"2":{"start":{"line":11,"column":2},"end":{"line":23,"column":null}},"3":{"start":{"line":12,"column":4},"end":{"line":13,"column":null}},"4":{"start":{"line":13,"column":6},"end":{"line":13,"column":null}},"5":{"start":{"line":15,"column":4},"end":{"line":22,"column":null}},"6":{"start":{"line":17,"column":8},"end":{"line":20,"column":null}},"7":{"start":{"line":33,"column":6},"end":{"line":455,"column":null}},"8":{"start":{"line":34,"column":13},"end":{"line":34,"column":39}},"9":{"start":{"line":35,"column":19},"end":{"line":43,"column":4}},"10":{"start":{"line":44,"column":16},"end":{"line":44,"column":40}},"11":{"start":{"line":45,"column":20},"end":{"line":45,"column":51}},"12":{"start":{"line":46,"column":22},"end":{"line":46,"column":55}},"13":{"start":{"line":47,"column":21},"end":{"line":47,"column":53}},"14":{"start":{"line":49,"column":8},"end":{"line":49,"column":53}},"15":{"start":{"line":51,"column":8},"end":{"line":51,"column":42}},"16":{"start":{"line":53,"column":2},"end":{"line":67,"column":null}},"17":{"start":{"line":55,"column":4},"end":{"line":66,"column":null}},"18":{"start":{"line":56,"column":6},"end":{"line":63,"column":null}},"19":{"start":{"line":57,"column":8},"end":{"line":63,"column":null}},"20":{"start":{"line":65,"column":6},"end":{"line":65,"column":null}},"21":{"start":{"line":68,"column":8},"end":{"line":69,"column":null}},"22":{"start":{"line":69,"column":4},"end":{"line":69,"column":null}},"23":{"start":{"line":72,"column":2},"end":{"line":74,"column":null}},"24":{"start":{"line":73,"column":4},"end":{"line":73,"column":null}},"25":{"start":{"line":77,"column":2},"end":{"line":102,"column":null}},"26":{"start":{"line":78,"column":4},"end":{"line":99,"column":null}},"27":{"start":{"line":80,"column":33},"end":{"line":80,"column":null}},"28":{"start":{"line":81,"column":6},"end":{"line":81,"column":null}},"29":{"start":{"line":82,"column":6},"end":{"line":82,"column":null}},"30":{"start":{"line":83,"column":6},"end":{"line":83,"column":null}},"31":{"start":{"line":86,"column":6},"end":{"line":89,"column":null}},"32":{"start":{"line":87,"column":27},"end":{"line":87,"column":null}},"33":{"start":{"line":88,"column":8},"end":{"line":88,"column":null}},"34":{"start":{"line":89,"column":8},"end":{"line":89,"column":null}},"35":{"start":{"line":93,"column":6},"end":{"line":95,"column":null}},"36":{"start":{"line":94,"column":8},"end":{"line":94,"column":null}},"37":{"start":{"line":95,"column":8},"end":{"line":95,"column":null}},"38":{"start":{"line":98,"column":6},"end":{"line":99,"column":null}},"39":{"start":{"line":99,"column":8},"end":{"line":99,"column":null}},"40":{"start":{"line":104,"column":8},"end":{"line":114,"column":null}},"41":{"start":{"line":105,"column":4},"end":{"line":114,"column":null}},"42":{"start":{"line":106,"column":6},"end":{"line":106,"column":null}},"43":{"start":{"line":107,"column":6},"end":{"line":107,"column":null}},"44":{"start":{"line":109,"column":6},"end":{"line":114,"column":null}},"45":{"start":{"line":110,"column":8},"end":{"line":110,"column":null}},"46":{"start":{"line":111,"column":8},"end":{"line":111,"column":null}},"47":{"start":{"line":112,"column":8},"end":{"line":112,"column":null}},"48":{"start":{"line":114,"column":8},"end":{"line":114,"column":null}},"49":{"start":{"line":119,"column":8},"end":{"line":136,"column":null}},"50":{"start":{"line":120,"column":4},"end":{"line":120,"column":null}},"51":{"start":{"line":120,"column":40},"end":{"line":120,"column":null}},"52":{"start":{"line":122,"column":4},"end":{"line":125,"column":null}},"53":{"start":{"line":123,"column":6},"end":{"line":123,"column":null}},"54":{"start":{"line":124,"column":6},"end":{"line":124,"column":null}},"55":{"start":{"line":125,"column":6},"end":{"line":125,"column":null}},"56":{"start":{"line":128,"column":22},"end":{"line":128,"column":67}},"57":{"start":{"line":129,"column":22},"end":{"line":129,"column":61}},"58":{"start":{"line":130,"column":4},"end":{"line":130,"column":null}},"59":{"start":{"line":132,"column":4},"end":{"line":132,"column":null}},"60":{"start":{"line":132,"column":28},"end":{"line":132,"column":48}},"61":{"start":{"line":133,"column":4},"end":{"line":133,"column":null}},"62":{"start":{"line":133,"column":30},"end":{"line":133,"column":50}},"63":{"start":{"line":135,"column":4},"end":{"line":135,"column":null}},"64":{"start":{"line":136,"column":4},"end":{"line":136,"column":null}},"65":{"start":{"line":140,"column":2},"end":{"line":149,"column":null}},"66":{"start":{"line":141,"column":4},"end":{"line":146,"column":null}},"67":{"start":{"line":142,"column":6},"end":{"line":143,"column":null}},"68":{"start":{"line":143,"column":8},"end":{"line":143,"column":null}},"69":{"start":{"line":145,"column":6},"end":{"line":146,"column":null}},"70":{"start":{"line":146,"column":9},"end":{"line":146,"column":null}},"71":{"start":{"line":151,"column":21},"end":{"line":187,"column":null}},"72":{"start":{"line":152,"column":4},"end":{"line":152,"column":null}},"73":{"start":{"line":152,"column":11},"end":{"line":152,"column":null}},"74":{"start":{"line":153,"column":4},"end":{"line":153,"column":null}},"75":{"start":{"line":153,"column":36},"end":{"line":153,"column":null}},"76":{"start":{"line":155,"column":21},"end":{"line":155,"column":53}},"77":{"start":{"line":156,"column":4},"end":{"line":156,"column":null}},"78":{"start":{"line":156,"column":19},"end":{"line":156,"column":null}},"79":{"start":{"line":158,"column":4},"end":{"line":158,"column":null}},"80":{"start":{"line":159,"column":32},"end":{"line":159,"column":null}},"81":{"start":{"line":160,"column":4},"end":{"line":160,"column":null}},"82":{"start":{"line":160,"column":24},"end":{"line":160,"column":45}},"83":{"start":{"line":161,"column":4},"end":{"line":161,"column":null}},"84":{"start":{"line":162,"column":4},"end":{"line":162,"column":null}},"85":{"start":{"line":164,"column":20},"end":{"line":169,"column":9}},"86":{"start":{"line":165,"column":19},"end":{"line":165,"column":52}},"87":{"start":{"line":166,"column":17},"end":{"line":169,"column":9}},"88":{"start":{"line":172,"column":26},"end":{"line":172,"column":null}},"89":{"start":{"line":174,"column":25},"end":{"line":174,"column":85}},"90":{"start":{"line":175,"column":20},"end":{"line":175,"column":53}},"91":{"start":{"line":177,"column":4},"end":{"line":182,"column":null}},"92":{"start":{"line":177,"column":24},"end":{"line":182,"column":6}},"93":{"start":{"line":183,"column":4},"end":{"line":183,"column":null}},"94":{"start":{"line":186,"column":4},"end":{"line":187,"column":null}},"95":{"start":{"line":187,"column":7},"end":{"line":187,"column":null}},"96":{"start":{"line":191,"column":2},"end":{"line":455,"column":null}},"97":{"start":{"line":203,"column":31},"end":{"line":203,"column":65}},"98":{"start":{"line":215,"column":12},"end":{"line":233,"column":null}},"99":{"start":{"line":228,"column":68},"end":{"line":228,"column":87}},"100":{"start":{"line":260,"column":29},"end":{"line":260,"column":53}}},"fnMap":{"0":{"name":"(anonymous_0)","decl":{"start":{"line":9,"column":6},"end":{"line":9,"column":29}},"loc":{"start":{"line":9,"column":46},"end":{"line":23,"column":null}},"line":9},"1":{"name":"(anonymous_1)","decl":{"start":{"line":11,"column":15},"end":{"line":11,"column":20}},"loc":{"start":{"line":11,"column":36},"end":{"line":23,"column":null}},"line":11},"2":{"name":"(anonymous_2)","decl":{"start":{"line":16,"column":23},"end":{"line":16,"column":28}},"loc":{"start":{"line":17,"column":8},"end":{"line":20,"column":null}},"line":17},"3":{"name":"(anonymous_3)","decl":{"start":{"line":33,"column":6},"end":{"line":33,"column":28}},"loc":{"start":{"line":33,"column":28},"end":{"line":455,"column":null}},"line":33},"4":{"name":"(anonymous_4)","decl":{"start":{"line":53,"column":2},"end":{"line":53,"column":18}},"loc":{"start":{"line":53,"column":18},"end":{"line":67,"column":6}},"line":53},"5":{"name":"(anonymous_5)","decl":{"start":{"line":55,"column":4},"end":{"line":55,"column":16}},"loc":{"start":{"line":55,"column":24},"end":{"line":66,"column":null}},"line":55},"6":{"name":"(anonymous_6)","decl":{"start":{"line":68,"column":8},"end":{"line":68,"column":31}},"loc":{"start":{"line":68,"column":31},"end":{"line":69,"column":null}},"line":68},"7":{"name":"(anonymous_7)","decl":{"start":{"line":72,"column":2},"end":{"line":72,"column":18}},"loc":{"start":{"line":72,"column":18},"end":{"line":74,"column":6}},"line":72},"8":{"name":"(anonymous_8)","decl":{"start":{"line":77,"column":2},"end":{"line":77,"column":18}},"loc":{"start":{"line":77,"column":18},"end":{"line":102,"column":7}},"line":77},"9":{"name":"(anonymous_9)","decl":{"start":{"line":86,"column":29},"end":{"line":86,"column":41}},"loc":{"start":{"line":86,"column":56},"end":{"line":89,"column":null}},"line":86},"10":{"name":"(anonymous_10)","decl":{"start":{"line":93,"column":29},"end":{"line":93,"column":40}},"loc":{"start":{"line":93,"column":55},"end":{"line":95,"column":null}},"line":93},"11":{"name":"(anonymous_11)","decl":{"start":{"line":98,"column":29},"end":{"line":98,"column":43}},"loc":{"start":{"line":98,"column":43},"end":{"line":99,"column":null}},"line":98},"12":{"name":"(anonymous_12)","decl":{"start":{"line":104,"column":8},"end":{"line":104,"column":32}},"loc":{"start":{"line":104,"column":32},"end":{"line":114,"column":null}},"line":104},"13":{"name":"(anonymous_13)","decl":{"start":{"line":119,"column":8},"end":{"line":119,"column":21}},"loc":{"start":{"line":119,"column":38},"end":{"line":136,"column":null}},"line":119},"14":{"name":"(anonymous_14)","decl":{"start":{"line":132,"column":14},"end":{"line":132,"column":28}},"loc":{"start":{"line":132,"column":28},"end":{"line":132,"column":48}},"line":132},"15":{"name":"(anonymous_15)","decl":{"start":{"line":133,"column":14},"end":{"line":133,"column":30}},"loc":{"start":{"line":133,"column":30},"end":{"line":133,"column":50}},"line":133},"16":{"name":"(anonymous_16)","decl":{"start":{"line":140,"column":2},"end":{"line":140,"column":18}},"loc":{"start":{"line":140,"column":18},"end":{"line":149,"column":6}},"line":140},"17":{"name":"(anonymous_17)","decl":{"start":{"line":141,"column":4},"end":{"line":141,"column":17}},"loc":{"start":{"line":141,"column":17},"end":{"line":146,"column":null}},"line":141},"18":{"name":"(anonymous_18)","decl":{"start":{"line":151,"column":21},"end":{"line":151,"column":28}},"loc":{"start":{"line":151,"column":52},"end":{"line":187,"column":null}},"line":151},"19":{"name":"(anonymous_19)","decl":{"start":{"line":160,"column":4},"end":{"line":160,"column":16}},"loc":{"start":{"line":160,"column":24},"end":{"line":160,"column":45}},"line":160},"20":{"name":"(anonymous_20)","decl":{"start":{"line":165,"column":7},"end":{"line":165,"column":14}},"loc":{"start":{"line":165,"column":19},"end":{"line":165,"column":52}},"line":165},"21":{"name":"(anonymous_21)","decl":{"start":{"line":166,"column":7},"end":{"line":166,"column":11}},"loc":{"start":{"line":166,"column":17},"end":{"line":169,"column":9}},"line":166},"22":{"name":"(anonymous_22)","decl":{"start":{"line":177,"column":4},"end":{"line":177,"column":16}},"loc":{"start":{"line":177,"column":24},"end":{"line":182,"column":6}},"line":177},"23":{"name":"(anonymous_23)","decl":{"start":{"line":203,"column":16},"end":{"line":203,"column":31}},"loc":{"start":{"line":203,"column":31},"end":{"line":203,"column":65}},"line":203},"24":{"name":"(anonymous_24)","decl":{"start":{"line":214,"column":20},"end":{"line":214,"column":25}},"loc":{"start":{"line":215,"column":12},"end":{"line":233,"column":null}},"line":215},"25":{"name":"(anonymous_25)","decl":{"start":{"line":228,"column":53},"end":{"line":228,"column":68}},"loc":{"start":{"line":228,"column":68},"end":{"line":228,"column":87}},"line":228},"26":{"name":"(anonymous_26)","decl":{"start":{"line":260,"column":12},"end":{"line":260,"column":23}},"loc":{"start":{"line":260,"column":29},"end":{"line":260,"column":53}},"line":260}},"branchMap":{"0":{"loc":{"start":{"line":12,"column":4},"end":{"line":13,"column":null}},"type":"if","locations":[{"start":{"line":12,"column":4},"end":{"line":13,"column":null}},{"start":{},"end":{}}],"line":12},"1":{"loc":{"start":{"line":12,"column":8},"end":{"line":12,"column":52}},"type":"binary-expr","locations":[{"start":{"line":12,"column":8},"end":{"line":12,"column":29}},{"start":{"line":12,"column":33},"end":{"line":12,"column":52}}],"line":12},"2":{"loc":{"start":{"line":19,"column":11},"end":{"line":20,"column":null}},"type":"binary-expr","locations":[{"start":{"line":19,"column":11},"end":{"line":19,"column":35}},{"start":{"line":19,"column":35},"end":{"line":20,"column":null}}],"line":19},"3":{"loc":{"start":{"line":39,"column":12},"end":{"line":41,"column":null}},"type":"cond-expr","locations":[{"start":{"line":40,"column":10},"end":{"line":40,"column":null}},{"start":{"line":41,"column":10},"end":{"line":41,"column":null}}],"line":39},"4":{"loc":{"start":{"line":56,"column":6},"end":{"line":63,"column":null}},"type":"if","locations":[{"start":{"line":56,"column":6},"end":{"line":63,"column":null}},{"start":{},"end":{}}],"line":56},"5":{"loc":{"start":{"line":60,"column":16},"end":{"line":62,"column":null}},"type":"cond-expr","locations":[{"start":{"line":61,"column":14},"end":{"line":61,"column":null}},{"start":{"line":62,"column":14},"end":{"line":62,"column":null}}],"line":60},"6":{"loc":{"start":{"line":78,"column":4},"end":{"line":99,"column":null}},"type":"if","locations":[{"start":{"line":78,"column":4},"end":{"line":99,"column":null}},{"start":{},"end":{}}],"line":78},"7":{"loc":{"start":{"line":78,"column":8},"end":{"line":78,"column":78}},"type":"binary-expr","locations":[{"start":{"line":78,"column":8},"end":{"line":78,"column":47}},{"start":{"line":78,"column":47},"end":{"line":78,"column":78}}],"line":78},"8":{"loc":{"start":{"line":80,"column":33},"end":{"line":80,"column":null}},"type":"binary-expr","locations":[{"start":{"line":80,"column":33},"end":{"line":80,"column":70}},{"start":{"line":80,"column":70},"end":{"line":80,"column":null}}],"line":80},"9":{"loc":{"start":{"line":105,"column":4},"end":{"line":114,"column":null}},"type":"if","locations":[{"start":{"line":105,"column":4},"end":{"line":114,"column":null}},{"start":{"line":108,"column":11},"end":{"line":114,"column":null}}],"line":105},"10":{"loc":{"start":{"line":109,"column":6},"end":{"line":114,"column":null}},"type":"if","locations":[{"start":{"line":109,"column":6},"end":{"line":114,"column":null}},{"start":{"line":113,"column":13},"end":{"line":114,"column":null}}],"line":109},"11":{"loc":{"start":{"line":110,"column":38},"end":{"line":110,"column":null}},"type":"cond-expr","locations":[{"start":{"line":110,"column":58},"end":{"line":110,"column":68}},{"start":{"line":110,"column":68},"end":{"line":110,"column":null}}],"line":110},"12":{"loc":{"start":{"line":120,"column":4},"end":{"line":120,"column":null}},"type":"if","locations":[{"start":{"line":120,"column":4},"end":{"line":120,"column":null}},{"start":{},"end":{}}],"line":120},"13":{"loc":{"start":{"line":122,"column":4},"end":{"line":125,"column":null}},"type":"if","locations":[{"start":{"line":122,"column":4},"end":{"line":125,"column":null}},{"start":{},"end":{}}],"line":122},"14":{"loc":{"start":{"line":130,"column":21},"end":{"line":130,"column":null}},"type":"cond-expr","locations":[{"start":{"line":130,"column":41},"end":{"line":130,"column":51}},{"start":{"line":130,"column":51},"end":{"line":130,"column":null}}],"line":130},"15":{"loc":{"start":{"line":142,"column":6},"end":{"line":143,"column":null}},"type":"if","locations":[{"start":{"line":142,"column":6},"end":{"line":143,"column":null}},{"start":{},"end":{}}],"line":142},"16":{"loc":{"start":{"line":145,"column":6},"end":{"line":146,"column":null}},"type":"if","locations":[{"start":{"line":145,"column":6},"end":{"line":146,"column":null}},{"start":{},"end":{}}],"line":145},"17":{"loc":{"start":{"line":145,"column":10},"end":{"line":145,"column":49}},"type":"binary-expr","locations":[{"start":{"line":145,"column":10},"end":{"line":145,"column":36}},{"start":{"line":145,"column":36},"end":{"line":145,"column":49}}],"line":145},"18":{"loc":{"start":{"line":152,"column":4},"end":{"line":152,"column":null}},"type":"if","locations":[{"start":{"line":152,"column":4},"end":{"line":152,"column":null}},{"start":{},"end":{}}],"line":152},"19":{"loc":{"start":{"line":153,"column":4},"end":{"line":153,"column":null}},"type":"if","locations":[{"start":{"line":153,"column":4},"end":{"line":153,"column":null}},{"start":{},"end":{}}],"line":153},"20":{"loc":{"start":{"line":153,"column":8},"end":{"line":153,"column":36}},"type":"binary-expr","locations":[{"start":{"line":153,"column":8},"end":{"line":153,"column":21}},{"start":{"line":153,"column":25},"end":{"line":153,"column":36}}],"line":153},"21":{"loc":{"start":{"line":156,"column":4},"end":{"line":156,"column":null}},"type":"if","locations":[{"start":{"line":156,"column":4},"end":{"line":156,"column":null}},{"start":{},"end":{}}],"line":156},"22":{"loc":{"start":{"line":165,"column":19},"end":{"line":165,"column":52}},"type":"binary-expr","locations":[{"start":{"line":165,"column":19},"end":{"line":165,"column":41}},{"start":{"line":165,"column":41},"end":{"line":165,"column":52}}],"line":165},"23":{"loc":{"start":{"line":172,"column":26},"end":{"line":172,"column":null}},"type":"cond-expr","locations":[{"start":{"line":172,"column":46},"end":{"line":172,"column":74}},{"start":{"line":172,"column":74},"end":{"line":172,"column":null}}],"line":172},"24":{"loc":{"start":{"line":186,"column":4},"end":{"line":187,"column":null}},"type":"if","locations":[{"start":{"line":186,"column":4},"end":{"line":187,"column":null}},{"start":{},"end":{}}],"line":186},"25":{"loc":{"start":{"line":204,"column":23},"end":{"line":204,"column":null}},"type":"cond-expr","locations":[{"start":{"line":204,"column":36},"end":{"line":204,"column":54}},{"start":{"line":204,"column":54},"end":{"line":204,"column":null}}],"line":204},"26":{"loc":{"start":{"line":205,"column":28},"end":{"line":205,"column":null}},"type":"cond-expr","locations":[{"start":{"line":205,"column":41},"end":{"line":205,"column":59}},{"start":{"line":205,"column":59},"end":{"line":205,"column":null}}],"line":205},"27":{"loc":{"start":{"line":207,"column":17},"end":{"line":207,"column":null}},"type":"cond-expr","locations":[{"start":{"line":207,"column":30},"end":{"line":207,"column":79}},{"start":{"line":207,"column":78},"end":{"line":207,"column":null}}],"line":207},"28":{"loc":{"start":{"line":222,"column":17},"end":{"line":222,"column":null}},"type":"cond-expr","locations":[{"start":{"line":222,"column":40},"end":{"line":222,"column":61}},{"start":{"line":222,"column":60},"end":{"line":222,"column":null}}],"line":222},"29":{"loc":{"start":{"line":224,"column":48},"end":{"line":224,"column":null}},"type":"cond-expr","locations":[{"start":{"line":224,"column":62},"end":{"line":224,"column":79}},{"start":{"line":224,"column":79},"end":{"line":224,"column":null}}],"line":224},"30":{"loc":{"start":{"line":225,"column":17},"end":{"line":225,"column":null}},"type":"binary-expr","locations":[{"start":{"line":225,"column":17},"end":{"line":225,"column":32}},{"start":{"line":225,"column":32},"end":{"line":225,"column":null}}],"line":225},"31":{"loc":{"start":{"line":227,"column":17},"end":{"line":230,"column":null}},"type":"binary-expr","locations":[{"start":{"line":227,"column":17},"end":{"line":227,"column":41}},{"start":{"line":227,"column":41},"end":{"line":227,"column":null}},{"start":{"line":228,"column":18},"end":{"line":230,"column":null}}],"line":227},"32":{"loc":{"start":{"line":235,"column":11},"end":{"line":240,"column":null}},"type":"binary-expr","locations":[{"start":{"line":235,"column":11},"end":{"line":235,"column":null}},{"start":{"line":236,"column":12},"end":{"line":240,"column":null}}],"line":235},"33":{"loc":{"start":{"line":249,"column":34},"end":{"line":249,"column":null}},"type":"cond-expr","locations":[{"start":{"line":249,"column":48},"end":{"line":249,"column":62}},{"start":{"line":249,"column":62},"end":{"line":249,"column":null}}],"line":249},"34":{"loc":{"start":{"line":254,"column":13},"end":{"line":254,"column":null}},"type":"cond-expr","locations":[{"start":{"line":254,"column":27},"end":{"line":254,"column":51}},{"start":{"line":254,"column":50},"end":{"line":254,"column":null}}],"line":254},"35":{"loc":{"start":{"line":262,"column":22},"end":{"line":262,"column":null}},"type":"binary-expr","locations":[{"start":{"line":262,"column":22},"end":{"line":262,"column":35}},{"start":{"line":262,"column":35},"end":{"line":262,"column":null}}],"line":262},"36":{"loc":{"start":{"line":265,"column":42},"end":{"line":265,"column":70}},"type":"binary-expr","locations":[{"start":{"line":265,"column":42},"end":{"line":265,"column":55}},{"start":{"line":265,"column":59},"end":{"line":265,"column":70}}],"line":265}},"s":{"0":1,"1":28,"2":28,"3":28,"4":0,"5":28,"6":28,"7":1,"8":22,"9":22,"10":22,"11":22,"12":22,"13":22,"14":22,"15":22,"16":22,"17":6,"18":6,"19":6,"20":0,"21":22,"22":16,"23":22,"24":16,"25":22,"26":6,"27":6,"28":6,"29":6,"30":6,"31":6,"32":0,"33":0,"34":0,"35":6,"36":0,"37":0,"38":6,"39":0,"40":22,"41":3,"42":1,"43":1,"44":2,"45":2,"46":2,"47":2,"48":0,"49":22,"50":2,"51":0,"52":2,"53":0,"54":0,"55":0,"56":2,"57":2,"58":2,"59":2,"60":0,"61":2,"62":0,"63":2,"64":2,"65":22,"66":9,"67":9,"68":9,"69":9,"70":2,"71":22,"72":2,"73":2,"74":2,"75":0,"76":2,"77":2,"78":0,"79":2,"80":2,"81":2,"82":2,"83":2,"84":2,"85":2,"86":2,"87":0,"88":2,"89":2,"90":2,"91":2,"92":2,"93":2,"94":2,"95":1,"96":22,"97":0,"98":28,"99":1,"100":2},"f":{"0":28,"1":28,"2":28,"3":22,"4":6,"5":6,"6":16,"7":16,"8":6,"9":0,"10":0,"11":0,"12":3,"13":2,"14":0,"15":0,"16":9,"17":9,"18":2,"19":2,"20":2,"21":0,"22":2,"23":0,"24":28,"25":1,"26":2},"b":{"0":[0,28],"1":[28,0],"2":[28,0],"3":[22,0],"4":[6,0],"5":[6,0],"6":[6,0],"7":[6,0],"8":[6,0],"9":[1,2],"10":[2,0],"11":[0,2],"12":[0,2],"13":[0,2],"14":[0,2],"15":[9,0],"16":[2,7],"17":[9,9],"18":[2,0],"19":[0,2],"20":[2,2],"21":[0,2],"22":[2,0],"23":[0,2],"24":[1,1],"25":[2,20],"26":[2,20],"27":[2,20],"28":[24,4],"29":[1,27],"30":[28,1],"31":[28,24,23],"32":[22,2],"33":[2,20],"34":[2,20],"35":[22,20],"36":[22,2]},"meta":{"lastBranch":37,"lastFunction":27,"lastStatement":101,"seen":{"s:9:6:23:Infinity":0,"f:9:6:9:29":0,"s:10:16:10:44":1,"s:11:2:23:Infinity":2,"f:11:15:11:20":1,"b:12:4:13:Infinity:undefined:undefined:undefined:undefined":0,"s:12:4:13:Infinity":3,"b:12:8:12:29:12:33:12:52":1,"s:13:6:13:Infinity":4,"s:15:4:22:Infinity":5,"f:16:23:16:28":2,"s:17:8:20:Infinity":6,"b:19:11:19:35:19:35:20:Infinity":2,"s:33:6:455:Infinity":7,"f:33:6:33:28":3,"s:34:13:34:39":8,"s:35:19:43:4":9,"b:40:10:40:Infinity:41:10:41:Infinity":3,"s:44:16:44:40":10,"s:45:20:45:51":11,"s:46:22:46:55":12,"s:47:21:47:53":13,"s:49:8:49:53":14,"s:51:8:51:42":15,"s:53:2:67:Infinity":16,"f:53:2:53:18":4,"s:55:4:66:Infinity":17,"f:55:4:55:16":5,"b:56:6:63:Infinity:undefined:undefined:undefined:undefined":4,"s:56:6:63:Infinity":18,"s:57:8:63:Infinity":19,"b:61:14:61:Infinity:62:14:62:Infinity":5,"s:65:6:65:Infinity":20,"s:68:8:69:Infinity":21,"f:68:8:68:31":6,"s:69:4:69:Infinity":22,"s:72:2:74:Infinity":23,"f:72:2:72:18":7,"s:73:4:73:Infinity":24,"s:77:2:102:Infinity":25,"f:77:2:77:18":8,"b:78:4:99:Infinity:undefined:undefined:undefined:undefined":6,"s:78:4:99:Infinity":26,"b:78:8:78:47:78:47:78:78":7,"s:80:33:80:Infinity":27,"b:80:33:80:70:80:70:80:Infinity":8,"s:81:6:81:Infinity":28,"s:82:6:82:Infinity":29,"s:83:6:83:Infinity":30,"s:86:6:89:Infinity":31,"f:86:29:86:41":9,"s:87:27:87:Infinity":32,"s:88:8:88:Infinity":33,"s:89:8:89:Infinity":34,"s:93:6:95:Infinity":35,"f:93:29:93:40":10,"s:94:8:94:Infinity":36,"s:95:8:95:Infinity":37,"s:98:6:99:Infinity":38,"f:98:29:98:43":11,"s:99:8:99:Infinity":39,"s:104:8:114:Infinity":40,"f:104:8:104:32":12,"b:105:4:114:Infinity:108:11:114:Infinity":9,"s:105:4:114:Infinity":41,"s:106:6:106:Infinity":42,"s:107:6:107:Infinity":43,"b:109:6:114:Infinity:113:13:114:Infinity":10,"s:109:6:114:Infinity":44,"s:110:8:110:Infinity":45,"b:110:58:110:68:110:68:110:Infinity":11,"s:111:8:111:Infinity":46,"s:112:8:112:Infinity":47,"s:114:8:114:Infinity":48,"s:119:8:136:Infinity":49,"f:119:8:119:21":13,"b:120:4:120:Infinity:undefined:undefined:undefined:undefined":12,"s:120:4:120:Infinity":50,"s:120:40:120:Infinity":51,"b:122:4:125:Infinity:undefined:undefined:undefined:undefined":13,"s:122:4:125:Infinity":52,"s:123:6:123:Infinity":53,"s:124:6:124:Infinity":54,"s:125:6:125:Infinity":55,"s:128:22:128:67":56,"s:129:22:129:61":57,"s:130:4:130:Infinity":58,"b:130:41:130:51:130:51:130:Infinity":14,"s:132:4:132:Infinity":59,"f:132:14:132:28":14,"s:132:28:132:48":60,"s:133:4:133:Infinity":61,"f:133:14:133:30":15,"s:133:30:133:50":62,"s:135:4:135:Infinity":63,"s:136:4:136:Infinity":64,"s:140:2:149:Infinity":65,"f:140:2:140:18":16,"s:141:4:146:Infinity":66,"f:141:4:141:17":17,"b:142:6:143:Infinity:undefined:undefined:undefined:undefined":15,"s:142:6:143:Infinity":67,"s:143:8:143:Infinity":68,"b:145:6:146:Infinity:undefined:undefined:undefined:undefined":16,"s:145:6:146:Infinity":69,"b:145:10:145:36:145:36:145:49":17,"s:146:9:146:Infinity":70,"s:151:21:187:Infinity":71,"f:151:21:151:28":18,"b:152:4:152:Infinity:undefined:undefined:undefined:undefined":18,"s:152:4:152:Infinity":72,"s:152:11:152:Infinity":73,"b:153:4:153:Infinity:undefined:undefined:undefined:undefined":19,"s:153:4:153:Infinity":74,"b:153:8:153:21:153:25:153:36":20,"s:153:36:153:Infinity":75,"s:155:21:155:53":76,"b:156:4:156:Infinity:undefined:undefined:undefined:undefined":21,"s:156:4:156:Infinity":77,"s:156:19:156:Infinity":78,"s:158:4:158:Infinity":79,"s:159:32:159:Infinity":80,"s:160:4:160:Infinity":81,"f:160:4:160:16":19,"s:160:24:160:45":82,"s:161:4:161:Infinity":83,"s:162:4:162:Infinity":84,"s:164:20:169:9":85,"f:165:7:165:14":20,"s:165:19:165:52":86,"b:165:19:165:41:165:41:165:52":22,"f:166:7:166:11":21,"s:166:17:169:9":87,"s:172:26:172:Infinity":88,"b:172:46:172:74:172:74:172:Infinity":23,"s:174:25:174:85":89,"s:175:20:175:53":90,"s:177:4:182:Infinity":91,"f:177:4:177:16":22,"s:177:24:182:6":92,"s:183:4:183:Infinity":93,"b:186:4:187:Infinity:undefined:undefined:undefined:undefined":24,"s:186:4:187:Infinity":94,"s:187:7:187:Infinity":95,"s:191:2:455:Infinity":96,"f:203:16:203:31":23,"s:203:31:203:65":97,"b:204:36:204:54:204:54:204:Infinity":25,"b:205:41:205:59:205:59:205:Infinity":26,"b:207:30:207:79:207:78:207:Infinity":27,"f:214:20:214:25":24,"s:215:12:233:Infinity":98,"b:222:40:222:61:222:60:222:Infinity":28,"b:224:62:224:79:224:79:224:Infinity":29,"b:225:17:225:32:225:32:225:Infinity":30,"b:227:17:227:41:227:41:227:Infinity:228:18:230:Infinity":31,"f:228:53:228:68":25,"s:228:68:228:87":99,"b:235:11:235:Infinity:236:12:240:Infinity":32,"b:249:48:249:62:249:62:249:Infinity":33,"b:254:27:254:51:254:50:254:Infinity":34,"f:260:12:260:23":26,"s:260:29:260:53":100,"b:262:22:262:35:262:35:262:Infinity":35,"b:265:42:265:55:265:59:265:70":36}}}
,"E:\\ANTIGRVITY\\ELE\\src\\pages\\Home.tsx": {"path":"E:\\ANTIGRVITY\\ELE\\src\\pages\\Home.tsx","statementMap":{"0":{"start":{"line":5,"column":6},"end":{"line":270,"column":null}},"1":{"start":{"line":6,"column":2},"end":{"line":270,"column":null}},"2":{"start":{"line":81,"column":12},"end":{"line":92,"column":null}}},"fnMap":{"0":{"name":"(anonymous_0)","decl":{"start":{"line":5,"column":6},"end":{"line":5,"column":19}},"loc":{"start":{"line":5,"column":19},"end":{"line":270,"column":null}},"line":5},"1":{"name":"(anonymous_1)","decl":{"start":{"line":80,"column":12},"end":{"line":80,"column":17}},"loc":{"start":{"line":81,"column":12},"end":{"line":92,"column":null}},"line":81}},"branchMap":{},"s":{"0":1,"1":1,"2":3},"f":{"0":1,"1":3},"b":{},"meta":{"lastBranch":0,"lastFunction":2,"lastStatement":3,"seen":{"s:5:6:270:Infinity":0,"f:5:6:5:19":0,"s:6:2:270:Infinity":1,"f:80:12:80:17":1,"s:81:12:92:Infinity":2}}}
,"E:\\ANTIGRVITY\\ELE\\src\\pages\\ProcessTimeline.tsx": {"path":"E:\\ANTIGRVITY\\ELE\\src\\pages\\ProcessTimeline.tsx","statementMap":{"0":{"start":{"line":5,"column":14},"end":{"line":48,"column":null}},"1":{"start":{"line":50,"column":6},"end":{"line":235,"column":null}},"2":{"start":{"line":51,"column":2},"end":{"line":235,"column":null}},"3":{"start":{"line":71,"column":10},"end":{"line":94,"column":null}}},"fnMap":{"0":{"name":"(anonymous_0)","decl":{"start":{"line":50,"column":6},"end":{"line":50,"column":30}},"loc":{"start":{"line":50,"column":30},"end":{"line":235,"column":null}},"line":50},"1":{"name":"(anonymous_1)","decl":{"start":{"line":70,"column":15},"end":{"line":70,"column":20}},"loc":{"start":{"line":71,"column":10},"end":{"line":94,"column":null}},"line":71}},"branchMap":{"0":{"loc":{"start":{"line":74,"column":38},"end":{"line":74,"column":66}},"type":"cond-expr","locations":[{"start":{"line":74,"column":56},"end":{"line":74,"column":62}},{"start":{"line":74,"column":62},"end":{"line":74,"column":66}}],"line":74},"1":{"loc":{"start":{"line":79,"column":48},"end":{"line":79,"column":null}},"type":"cond-expr","locations":[{"start":{"line":79,"column":66},"end":{"line":79,"column":75}},{"start":{"line":79,"column":75},"end":{"line":79,"column":null}}],"line":79}},"s":{"0":1,"1":1,"2":2,"3":12},"f":{"0":2,"1":12},"b":{"0":[6,6],"1":[6,6]},"meta":{"lastBranch":2,"lastFunction":2,"lastStatement":4,"seen":{"s:5:14:48:Infinity":0,"s:50:6:235:Infinity":1,"f:50:6:50:30":0,"s:51:2:235:Infinity":2,"f:70:15:70:20":1,"s:71:10:94:Infinity":3,"b:74:56:74:62:74:62:74:66":0,"b:79:66:79:75:79:75:79:Infinity":1}}}
,"E:\\ANTIGRVITY\\ELE\\src\\pages\\VotingChecklist.tsx": {"path":"E:\\ANTIGRVITY\\ELE\\src\\pages\\VotingChecklist.tsx","statementMap":{"0":{"start":{"line":6,"column":6},"end":{"line":148,"column":null}},"1":{"start":{"line":7,"column":10},"end":{"line":7,"column":36}},"2":{"start":{"line":9,"column":25},"end":{"line":34,"column":null}},"3":{"start":{"line":36,"column":2},"end":{"line":148,"column":null}},"4":{"start":{"line":58,"column":10},"end":{"line":73,"column":null}}},"fnMap":{"0":{"name":"(anonymous_0)","decl":{"start":{"line":6,"column":6},"end":{"line":6,"column":30}},"loc":{"start":{"line":6,"column":30},"end":{"line":148,"column":null}},"line":6},"1":{"name":"(anonymous_1)","decl":{"start":{"line":57,"column":24},"end":{"line":57,"column":29}},"loc":{"start":{"line":58,"column":10},"end":{"line":73,"column":null}},"line":58}},"branchMap":{"0":{"loc":{"start":{"line":43,"column":11},"end":{"line":43,"column":null}},"type":"cond-expr","locations":[{"start":{"line":43,"column":31},"end":{"line":43,"column":56}},{"start":{"line":43,"column":56},"end":{"line":43,"column":null}}],"line":43},"1":{"loc":{"start":{"line":50,"column":11},"end":{"line":52,"column":null}},"type":"cond-expr","locations":[{"start":{"line":51,"column":14},"end":{"line":51,"column":null}},{"start":{"line":52,"column":14},"end":{"line":52,"column":null}}],"line":50},"2":{"loc":{"start":{"line":68,"column":17},"end":{"line":68,"column":60}},"type":"cond-expr","locations":[{"start":{"line":68,"column":37},"end":{"line":68,"column":47}},{"start":{"line":68,"column":47},"end":{"line":68,"column":60}}],"line":68}},"s":{"0":1,"1":5,"2":5,"3":5,"4":20},"f":{"0":5,"1":20},"b":{"0":[4,1],"1":[4,1],"2":[16,4]},"meta":{"lastBranch":3,"lastFunction":2,"lastStatement":5,"seen":{"s:6:6:148:Infinity":0,"f:6:6:6:30":0,"s:7:10:7:36":1,"s:9:25:34:Infinity":2,"s:36:2:148:Infinity":3,"b:43:31:43:56:43:56:43:Infinity":0,"b:51:14:51:Infinity:52:14:52:Infinity":1,"f:57:24:57:29":1,"s:58:10:73:Infinity":4,"b:68:37:68:47:68:47:68:60":2}}}
,"E:\\ANTIGRVITY\\ELE\\src\\services\\firebase.ts": {"path":"E:\\ANTIGRVITY\\ELE\\src\\services\\firebase.ts","statementMap":{"0":{"start":{"line":7,"column":23},"end":{"line":15,"column":null}},"1":{"start":{"line":18,"column":6},"end":{"line":18,"column":41}},"2":{"start":{"line":19,"column":18},"end":{"line":19,"column":null}},"3":{"start":{"line":20,"column":6},"end":{"line":20,"column":28}},"4":{"start":{"line":22,"column":13},"end":{"line":27,"column":null}},"5":{"start":{"line":23,"column":2},"end":{"line":27,"column":null}},"6":{"start":{"line":24,"column":4},"end":{"line":27,"column":null}},"7":{"start":{"line":25,"column":6},"end":{"line":25,"column":null}},"8":{"start":{"line":27,"column":6},"end":{"line":27,"column":null}}},"fnMap":{"0":{"name":"(anonymous_0)","decl":{"start":{"line":22,"column":13},"end":{"line":22,"column":30}},"loc":{"start":{"line":22,"column":82},"end":{"line":27,"column":null}},"line":22}},"branchMap":{"0":{"loc":{"start":{"line":19,"column":18},"end":{"line":19,"column":null}},"type":"cond-expr","locations":[{"start":{"line":19,"column":36},"end":{"line":19,"column":67}},{"start":{"line":19,"column":70},"end":{"line":19,"column":null}}],"line":19},"1":{"loc":{"start":{"line":23,"column":2},"end":{"line":27,"column":null}},"type":"if","locations":[{"start":{"line":23,"column":2},"end":{"line":27,"column":null}},{"start":{},"end":{}}],"line":23}},"s":{"0":1,"1":1,"2":1,"3":1,"4":1,"5":2,"6":2,"7":2,"8":0},"f":{"0":2},"b":{"0":[1,0],"1":[2,0]},"meta":{"lastBranch":2,"lastFunction":1,"lastStatement":9,"seen":{"s:7:23:15:Infinity":0,"s:18:6:18:41":1,"s:19:18:19:Infinity":2,"b:19:36:19:67:19:70:19:Infinity":0,"s:20:6:20:28":3,"s:22:13:27:Infinity":4,"f:22:13:22:30":0,"b:23:2:27:Infinity:undefined:undefined:undefined:undefined":1,"s:23:2:27:Infinity":5,"s:24:4:27:Infinity":6,"s:25:6:25:Infinity":7,"s:27:6:27:Infinity":8}}}
,"E:\\ANTIGRVITY\\ELE\\src\\services\\gemini.ts": {"path":"E:\\ANTIGRVITY\\ELE\\src\\services\\gemini.ts","statementMap":{"0":{"start":{"line":3,"column":16},"end":{"line":3,"column":null}},"1":{"start":{"line":5,"column":14},"end":{"line":5,"column":null}},"2":{"start":{"line":7,"column":27},"end":{"line":7,"column":null}},"3":{"start":{"line":18,"column":47},"end":{"line":25,"column":null}},"4":{"start":{"line":28,"column":2},"end":{"line":40,"column":null}},"5":{"start":{"line":29,"column":4},"end":{"line":39,"column":null}},"6":{"start":{"line":30,"column":25},"end":{"line":30,"column":44}},"7":{"start":{"line":31,"column":21},"end":{"line":31,"column":null}},"8":{"start":{"line":32,"column":6},"end":{"line":35,"column":null}},"9":{"start":{"line":33,"column":8},"end":{"line":35,"column":null}},"10":{"start":{"line":34,"column":10},"end":{"line":34,"column":null}},"11":{"start":{"line":35,"column":10},"end":{"line":35,"column":null}},"12":{"start":{"line":38,"column":6},"end":{"line":38,"column":null}},"13":{"start":{"line":43,"column":35},"end":{"line":68,"column":null}},"14":{"start":{"line":44,"column":2},"end":{"line":46,"column":null}},"15":{"start":{"line":45,"column":4},"end":{"line":45,"column":null}},"16":{"start":{"line":46,"column":4},"end":{"line":46,"column":null}},"17":{"start":{"line":49,"column":2},"end":{"line":68,"column":null}},"18":{"start":{"line":50,"column":18},"end":{"line":53,"column":6}},"19":{"start":{"line":55,"column":17},"end":{"line":61,"column":6}},"20":{"start":{"line":63,"column":19},"end":{"line":63,"column":54}},"21":{"start":{"line":64,"column":21},"end":{"line":64,"column":null}},"22":{"start":{"line":65,"column":4},"end":{"line":65,"column":null}},"23":{"start":{"line":67,"column":4},"end":{"line":67,"column":null}},"24":{"start":{"line":68,"column":4},"end":{"line":68,"column":null}}},"fnMap":{"0":{"name":"getMockResponse","decl":{"start":{"line":27,"column":9},"end":{"line":27,"column":25}},"loc":{"start":{"line":27,"column":57},"end":{"line":40,"column":null}},"line":27},"1":{"name":"(anonymous_1)","decl":{"start":{"line":28,"column":13},"end":{"line":28,"column":22}},"loc":{"start":{"line":28,"column":34},"end":{"line":40,"column":null}},"line":28},"2":{"name":"(anonymous_2)","decl":{"start":{"line":29,"column":4},"end":{"line":29,"column":21}},"loc":{"start":{"line":29,"column":21},"end":{"line":39,"column":12}},"line":29},"3":{"name":"(anonymous_3)","decl":{"start":{"line":43,"column":35},"end":{"line":43,"column":42}},"loc":{"start":{"line":43,"column":127},"end":{"line":68,"column":null}},"line":43}},"branchMap":{"0":{"loc":{"start":{"line":3,"column":16},"end":{"line":3,"column":null}},"type":"binary-expr","locations":[{"start":{"line":3,"column":16},"end":{"line":3,"column":55}},{"start":{"line":3,"column":55},"end":{"line":3,"column":null}}],"line":3},"1":{"loc":{"start":{"line":5,"column":14},"end":{"line":5,"column":null}},"type":"cond-expr","locations":[{"start":{"line":5,"column":24},"end":{"line":5,"column":55}},{"start":{"line":5,"column":58},"end":{"line":5,"column":null}}],"line":5},"2":{"loc":{"start":{"line":33,"column":8},"end":{"line":35,"column":null}},"type":"if","locations":[{"start":{"line":33,"column":8},"end":{"line":35,"column":null}},{"start":{},"end":{}}],"line":33},"3":{"loc":{"start":{"line":43,"column":63},"end":{"line":43,"column":122}},"type":"default-arg","locations":[{"start":{"line":43,"column":120},"end":{"line":43,"column":122}}],"line":43},"4":{"loc":{"start":{"line":44,"column":2},"end":{"line":46,"column":null}},"type":"if","locations":[{"start":{"line":44,"column":2},"end":{"line":46,"column":null}},{"start":{},"end":{}}],"line":44}},"s":{"0":3,"1":3,"2":3,"3":3,"4":3,"5":3,"6":3,"7":3,"8":3,"9":9,"10":2,"11":2,"12":3,"13":3,"14":5,"15":3,"16":3,"17":2,"18":2,"19":2,"20":2,"21":1,"22":1,"23":1,"24":1},"f":{"0":3,"1":3,"2":3,"3":5},"b":{"0":[3,1],"1":[2,1],"2":[2,7],"3":[5],"4":[3,2]},"meta":{"lastBranch":5,"lastFunction":4,"lastStatement":25,"seen":{"s:3:16:3:Infinity":0,"b:3:16:3:55:3:55:3:Infinity":0,"s:5:14:5:Infinity":1,"b:5:24:5:55:5:58:5:Infinity":1,"s:7:27:7:Infinity":2,"s:18:47:25:Infinity":3,"f:27:9:27:25":0,"s:28:2:40:Infinity":4,"f:28:13:28:22":1,"s:29:4:39:Infinity":5,"f:29:4:29:21":2,"s:30:25:30:44":6,"s:31:21:31:Infinity":7,"s:32:6:35:Infinity":8,"b:33:8:35:Infinity:undefined:undefined:undefined:undefined":2,"s:33:8:35:Infinity":9,"s:34:10:34:Infinity":10,"s:35:10:35:Infinity":11,"s:38:6:38:Infinity":12,"s:43:35:68:Infinity":13,"f:43:35:43:42":3,"b:43:120:43:122":3,"b:44:2:46:Infinity:undefined:undefined:undefined:undefined":4,"s:44:2:46:Infinity":14,"s:45:4:45:Infinity":15,"s:46:4:46:Infinity":16,"s:49:2:68:Infinity":17,"s:50:18:53:6":18,"s:55:17:61:6":19,"s:63:19:63:54":20,"s:64:21:64:Infinity":21,"s:65:4:65:Infinity":22,"s:67:4:67:Infinity":23,"s:68:4:68:Infinity":24}}}
}
